<?xml version="1.0" encoding="UTF-8"?>
<testsuite xmlns:xsi="http://www.w3.org/2001/XMLSchema-instance" xsi:noNamespaceSchemaLocation="https://maven.apache.org/surefire/maven-surefire-plugin/xsd/surefire-test-report.xsd" version="3.0.2" name="com.fullstack3.fullstack3.Fullstack3ApplicationTests" time="7.081" tests="1" errors="0" skipped="0" failures="0" flakes="0">
  <properties>
[...]
</properties>
  <testcase name="contextLoads" classname="com.fullstack3.fullstack3.Fullstack3ApplicationTests" time="0.42">
    <system-out><![CDATA[22:04:09.073 [main] INFO org.springframework.test.context.support.AnnotationConfigContextLoaderUtils -- Could not detect default configuration classes for test class [com.fullstack3.fullstack3.Fullstack3ApplicationTests]: Fullstack3ApplicationTests does not declare any static, non-private, non-final, nested classes annotated with @Configuration.
22:04:09.169 [main] INFO org.springframework.boot.test.context.SpringBootTestContextBootstrapper -- Found @SpringBootConfiguration com.fullstack3.fullstack3.Fullstack3Application for test class com.fullstack3.fullstack3.Fullstack3ApplicationTests

  .   ____          _            __ _ _
 /\\ / ___'_ __ _ _(_)_ __  __ _ \ \ \ \
( ( )\___ | '_ | '_| | '_ \/ _` | \ \ \ \
 \\/  ___)| |_)| | | | | || (_| |  ) ) ) )
  '  |____| .__|_| |_|_| |_\__, | / / / /
 =========|_|==============|___/=/_/_/_/

 :: Spring Boot ::               (v3.5.12)

2026-04-13T22:04:09.499-04:00 DEBUG 70735 --- [fullstack3] [kground-preinit] o.h.v.i.xml.config.ValidationXmlParser   : Trying to load META-INF/validation.xml for XML based Validator configuration.
2026-04-13T22:04:09.500-04:00 DEBUG 70735 --- [fullstack3] [kground-preinit] o.h.v.i.xml.config.ResourceLoaderHelper  : Trying to load META-INF/validation.xml via TCCL
2026-04-13T22:04:09.501-04:00 DEBUG 70735 --- [fullstack3] [kground-preinit] o.h.v.i.xml.config.ResourceLoaderHelper  : Trying to load META-INF/validation.xml via Hibernate Validator's class loader
2026-04-13T22:04:09.501-04:00 DEBUG 70735 --- [fullstack3] [kground-preinit] o.h.v.i.xml.config.ValidationXmlParser   : No META-INF/validation.xml found. Using annotation based configuration only.
2026-04-13T22:04:09.504-04:00 DEBUG 70735 --- [fullstack3] [kground-preinit] o.h.v.i.e.resolver.TraversableResolvers  : Found jakarta.persistence.Persistence on classpath containing 'getPersistenceUtil'. Assuming JPA 2 environment. Trying to instantiate JPA aware TraversableResolver
2026-04-13T22:04:09.505-04:00 DEBUG 70735 --- [fullstack3] [kground-preinit] o.h.v.i.e.resolver.TraversableResolvers  : Instantiated JPA aware TraversableResolver of type org.hibernate.validator.internal.engine.resolver.JPATraversableResolver.
2026-04-13T22:04:09.520-04:00  INFO 70735 --- [fullstack3] [           main] c.f.f.Fullstack3ApplicationTests         : Starting Fullstack3ApplicationTests using Java 17.0.15 with PID 70735 (started by krhisnaoyanedelyanez in /Users/krhisnaoyanedelyanez/Desktop/Inge Desarrollo de Software/BIMESTRE VI/DESARROLLO FULLSTACK/EXPERIENCIA 1/SEMANA 2/fullstack3)
2026-04-13T22:04:09.520-04:00  INFO 70735 --- [fullstack3] [           main] c.f.f.Fullstack3ApplicationTests         : No active profile set, falling back to 1 default profile: "default"
2026-04-13T22:04:09.521-04:00 DEBUG 70735 --- [fullstack3] [           main] o.s.boot.SpringApplication               : Loading source class com.fullstack3.fullstack3.Fullstack3Application
2026-04-13T22:04:09.522-04:00 DEBUG 70735 --- [fullstack3] [kground-preinit] .h.v.m.ResourceBundleMessageInterpolator : Loaded expression factory via original TCCL
2026-04-13T22:04:09.540-04:00 DEBUG 70735 --- [fullstack3] [           main] o.s.w.c.s.GenericWebApplicationContext   : Refreshing org.springframework.web.context.support.GenericWebApplicationContext@271f18d3
2026-04-13T22:04:09.554-04:00 DEBUG 70735 --- [fullstack3] [           main] o.s.b.f.s.DefaultListableBeanFactory     : Creating shared instance of singleton bean 'org.springframework.context.annotation.internalConfigurationAnnotationProcessor'
2026-04-13T22:04:09.564-04:00 DEBUG 70735 --- [fullstack3] [           main] o.s.b.f.s.DefaultListableBeanFactory     : Creating shared instance of singleton bean 'org.springframework.boot.autoconfigure.internalCachingMetadataReaderFactory'
2026-04-13T22:04:09.582-04:00 DEBUG 70735 --- [fullstack3] [kground-preinit] .i.e.ValidatorFactoryConfigurationHelper : HV000252: Using org.hibernate.validator.internal.engine.DefaultPropertyNodeNameProvider as property node name provider.
2026-04-13T22:04:09.586-04:00 DEBUG 70735 --- [fullstack3] [kground-preinit] .i.e.ValidatorFactoryConfigurationHelper : HV000234: Using org.hibernate.validator.messageinterpolation.ResourceBundleMessageInterpolator as ValidatorFactory-scoped message interpolator.
2026-04-13T22:04:09.586-04:00 DEBUG 70735 --- [fullstack3] [kground-preinit] .i.e.ValidatorFactoryConfigurationHelper : HV000234: Using org.hibernate.validator.internal.engine.resolver.JPATraversableResolver as ValidatorFactory-scoped traversable resolver.
2026-04-13T22:04:09.586-04:00 DEBUG 70735 --- [fullstack3] [kground-preinit] .i.e.ValidatorFactoryConfigurationHelper : HV000234: Using org.hibernate.validator.internal.util.ExecutableParameterNameProvider as ValidatorFactory-scoped parameter name provider.
2026-04-13T22:04:09.586-04:00 DEBUG 70735 --- [fullstack3] [kground-preinit] .i.e.ValidatorFactoryConfigurationHelper : HV000234: Using org.hibernate.validator.internal.engine.DefaultClockProvider as ValidatorFactory-scoped clock provider.
2026-04-13T22:04:09.587-04:00 DEBUG 70735 --- [fullstack3] [kground-preinit] .i.e.ValidatorFactoryConfigurationHelper : HV000234: Using org.hibernate.validator.internal.engine.scripting.DefaultScriptEvaluatorFactory as ValidatorFactory-scoped script evaluator factory.
2026-04-13T22:04:09.599-04:00 DEBUG 70735 --- [fullstack3] [           main] o.s.c.a.ClassPathBeanDefinitionScanner   : Identified candidate component class: file [/Users/krhisnaoyanedelyanez/Desktop/Inge Desarrollo de Software/BIMESTRE VI/DESARROLLO FULLSTACK/EXPERIENCIA 1/SEMANA 2/fullstack3/target/classes/com/fullstack3/fullstack3/controller/UsuarioController.class]
2026-04-13T22:04:09.602-04:00 DEBUG 70735 --- [fullstack3] [           main] o.s.c.a.ClassPathBeanDefinitionScanner   : Identified candidate component class: file [/Users/krhisnaoyanedelyanez/Desktop/Inge Desarrollo de Software/BIMESTRE VI/DESARROLLO FULLSTACK/EXPERIENCIA 1/SEMANA 2/fullstack3/target/classes/com/fullstack3/fullstack3/service/UsuarioServiceImpl.class]
2026-04-13T22:04:10.278-04:00  INFO 70735 --- [fullstack3] [           main] .s.d.r.c.RepositoryConfigurationDelegate : Bootstrapping Spring Data JPA repositories in DEFAULT mode.
2026-04-13T22:04:10.283-04:00 DEBUG 70735 --- [fullstack3] [           main] o.s.b.f.s.DefaultListableBeanFactory     : Creating shared instance of singleton bean 'org.springframework.boot.autoconfigure.AutoConfigurationPackages'
2026-04-13T22:04:10.288-04:00 DEBUG 70735 --- [fullstack3] [           main] o.s.b.a.AutoConfigurationPackages        : @EnableAutoConfiguration was declared on a class in the package 'com.fullstack3.fullstack3'. Automatic @Repository and @Entity scanning is enabled.
2026-04-13T22:04:10.289-04:00 DEBUG 70735 --- [fullstack3] [           main] .s.d.r.c.RepositoryConfigurationDelegate : Scanning for JPA repositories in packages com.fullstack3.fullstack3.
2026-04-13T22:04:10.295-04:00 DEBUG 70735 --- [fullstack3] [           main] o.s.d.r.c.RepositoryComponentProvider    : Identified candidate component class: file [/Users/krhisnaoyanedelyanez/Desktop/Inge Desarrollo de Software/BIMESTRE VI/DESARROLLO FULLSTACK/EXPERIENCIA 1/SEMANA 2/fullstack3/target/classes/com/fullstack3/fullstack3/repository/UsuarioRepository.class]
2026-04-13T22:04:10.308-04:00 DEBUG 70735 --- [fullstack3] [           main] ssPathScanningCandidateComponentProvider : Identified candidate component class: file [/Users/krhisnaoyanedelyanez/Desktop/Inge Desarrollo de Software/BIMESTRE VI/DESARROLLO FULLSTACK/EXPERIENCIA 1/SEMANA 2/fullstack3/target/classes/com/fullstack3/fullstack3/service/UsuarioServiceImpl.class]
2026-04-13T22:04:10.316-04:00  INFO 70735 --- [fullstack3] [           main] .s.d.r.c.RepositoryConfigurationDelegate : Finished Spring Data repository scanning in 25 ms. Found 1 JPA repository interface.
2026-04-13T22:04:10.369-04:00 DEBUG 70735 --- [fullstack3] [           main] o.s.b.f.s.DefaultListableBeanFactory     : Creating shared instance of singleton bean 'propertySourcesPlaceholderConfigurer'
2026-04-13T22:04:10.372-04:00 DEBUG 70735 --- [fullstack3] [           main] o.s.b.f.s.DefaultListableBeanFactory     : Creating shared instance of singleton bean 'org.springframework.boot.test.mock.mockito.MockitoPostProcessor'
2026-04-13T22:04:10.373-04:00 DEBUG 70735 --- [fullstack3] [           main] o.s.b.f.s.DefaultListableBeanFactory     : Creating shared instance of singleton bean 'emBeanDefinitionRegistrarPostProcessor'
2026-04-13T22:04:10.373-04:00 DEBUG 70735 --- [fullstack3] [           main] o.s.b.f.s.DefaultListableBeanFactory     : Creating shared instance of singleton bean 'org.springframework.boot.sql.init.dependency.DatabaseInitializationDependencyConfigurer$DependsOnDatabaseInitializationPostProcessor'
2026-04-13T22:04:10.415-04:00 DEBUG 70735 --- [fullstack3] [           main] o.s.b.f.s.DefaultListableBeanFactory     : Creating shared instance of singleton bean 'org.springframework.context.event.internalEventListenerProcessor'
2026-04-13T22:04:10.415-04:00 DEBUG 70735 --- [fullstack3] [           main] o.s.b.f.s.DefaultListableBeanFactory     : Creating shared instance of singleton bean 'bootstrapExecutorAliasPostProcessor'
2026-04-13T22:04:10.416-04:00 DEBUG 70735 --- [fullstack3] [           main] o.s.b.f.s.DefaultListableBeanFactory     : Creating shared instance of singleton bean 'preserveErrorControllerTargetClassPostProcessor'
2026-04-13T22:04:10.418-04:00 DEBUG 70735 --- [fullstack3] [           main] o.s.b.f.s.DefaultListableBeanFactory     : Creating shared instance of singleton bean 'org.springframework.context.event.internalEventListenerFactory'
2026-04-13T22:04:10.419-04:00 DEBUG 70735 --- [fullstack3] [           main] o.s.b.f.s.DefaultListableBeanFactory     : Creating shared instance of singleton bean 'org.springframework.transaction.config.internalTransactionalEventListenerFactory'
2026-04-13T22:04:10.423-04:00 DEBUG 70735 --- [fullstack3] [           main] o.s.b.f.s.DefaultListableBeanFactory     : Creating shared instance of singleton bean 'org.springframework.boot.test.mock.mockito.MockitoPostProcessor$SpyPostProcessor'
2026-04-13T22:04:10.423-04:00 DEBUG 70735 --- [fullstack3] [           main] o.s.b.f.s.DefaultListableBeanFactory     : Creating shared instance of singleton bean 'org.springframework.context.annotation.internalAutowiredAnnotationProcessor'
2026-04-13T22:04:10.424-04:00 DEBUG 70735 --- [fullstack3] [           main] o.s.b.f.s.DefaultListableBeanFactory     : Creating shared instance of singleton bean 'org.springframework.context.annotation.internalCommonAnnotationProcessor'
2026-04-13T22:04:10.426-04:00 DEBUG 70735 --- [fullstack3] [           main] o.s.b.f.s.DefaultListableBeanFactory     : Creating shared instance of singleton bean 'org.springframework.context.annotation.internalPersistenceAnnotationProcessor'
2026-04-13T22:04:10.427-04:00 DEBUG 70735 --- [fullstack3] [           main] o.s.b.f.s.DefaultListableBeanFactory     : Creating shared instance of singleton bean 'org.springframework.boot.context.properties.ConfigurationPropertiesBindingPostProcessor'
2026-04-13T22:04:10.427-04:00 DEBUG 70735 --- [fullstack3] [           main] o.s.b.f.s.DefaultListableBeanFactory     : Creating shared instance of singleton bean 'org.springframework.boot.context.internalConfigurationPropertiesBinder'
2026-04-13T22:04:10.429-04:00 DEBUG 70735 --- [fullstack3] [           main] o.s.b.f.s.DefaultListableBeanFactory     : Creating shared instance of singleton bean 'jdbcConnectionDetailsHikariBeanPostProcessor'
2026-04-13T22:04:10.431-04:00 DEBUG 70735 --- [fullstack3] [           main] o.s.b.f.s.DefaultListableBeanFactory     : Creating shared instance of singleton bean 'methodValidationPostProcessor'
2026-04-13T22:04:10.432-04:00 DEBUG 70735 --- [fullstack3] [           main] o.s.b.f.s.DefaultListableBeanFactory     : Autowiring by type from bean name 'methodValidationPostProcessor' via factory method to bean named 'environment'
2026-04-13T22:04:10.439-04:00 DEBUG 70735 --- [fullstack3] [           main] o.s.b.f.s.DefaultListableBeanFactory     : Creating shared instance of singleton bean 'org.springframework.boot.context.properties.EnableConfigurationPropertiesRegistrar.methodValidationExcludeFilter'
2026-04-13T22:04:10.457-04:00 DEBUG 70735 --- [fullstack3] [           main] o.s.b.f.s.DefaultListableBeanFactory     : Creating shared instance of singleton bean 'org.springframework.aop.config.internalAutoProxyCreator'
2026-04-13T22:04:10.466-04:00 DEBUG 70735 --- [fullstack3] [           main] o.s.b.f.s.DefaultListableBeanFactory     : Creating shared instance of singleton bean 'persistenceExceptionTranslationPostProcessor'
2026-04-13T22:04:10.467-04:00 DEBUG 70735 --- [fullstack3] [           main] o.s.b.f.s.DefaultListableBeanFactory     : Autowiring by type from bean name 'persistenceExceptionTranslationPostProcessor' via factory method to bean named 'environment'
2026-04-13T22:04:10.468-04:00 DEBUG 70735 --- [fullstack3] [           main] o.s.b.f.s.DefaultListableBeanFactory     : Creating shared instance of singleton bean 'webServerFactoryCustomizerBeanPostProcessor'
2026-04-13T22:04:10.469-04:00 DEBUG 70735 --- [fullstack3] [           main] o.s.b.f.s.DefaultListableBeanFactory     : Creating shared instance of singleton bean 'errorPageRegistrarBeanPostProcessor'
2026-04-13T22:04:10.469-04:00 DEBUG 70735 --- [fullstack3] [           main] o.s.b.f.s.DefaultListableBeanFactory     : Creating shared instance of singleton bean 'healthEndpointGroupsBeanPostProcessor'
2026-04-13T22:04:10.470-04:00 DEBUG 70735 --- [fullstack3] [           main] o.s.b.f.s.DefaultListableBeanFactory     : Creating shared instance of singleton bean 'org.springframework.transaction.config.internalTransactionAdvisor'
2026-04-13T22:04:10.471-04:00 DEBUG 70735 --- [fullstack3] [           main] o.s.b.f.s.DefaultListableBeanFactory     : Creating shared instance of singleton bean 'org.springframework.transaction.annotation.ProxyTransactionManagementConfiguration'
2026-04-13T22:04:10.480-04:00 DEBUG 70735 --- [fullstack3] [           main] o.s.b.f.s.DefaultListableBeanFactory     : Creating shared instance of singleton bean 'transactionAttributeSource'
2026-04-13T22:04:10.481-04:00 DEBUG 70735 --- [fullstack3] [           main] o.s.b.f.s.DefaultListableBeanFactory     : Creating shared instance of singleton bean 'transactionInterceptor'
2026-04-13T22:04:10.482-04:00 DEBUG 70735 --- [fullstack3] [           main] o.s.b.f.s.DefaultListableBeanFactory     : Autowiring by type from bean name 'transactionInterceptor' via factory method to bean named 'transactionAttributeSource'
2026-04-13T22:04:10.485-04:00 DEBUG 70735 --- [fullstack3] [           main] o.s.b.f.s.DefaultListableBeanFactory     : Autowiring by type from bean name 'org.springframework.transaction.config.internalTransactionAdvisor' via factory method to bean named 'transactionAttributeSource'
2026-04-13T22:04:10.485-04:00 DEBUG 70735 --- [fullstack3] [           main] o.s.b.f.s.DefaultListableBeanFactory     : Autowiring by type from bean name 'org.springframework.transaction.config.internalTransactionAdvisor' via factory method to bean named 'transactionInterceptor'
2026-04-13T22:04:10.487-04:00 DEBUG 70735 --- [fullstack3] [           main] o.s.b.f.s.DefaultListableBeanFactory     : Creating shared instance of singleton bean 'meterRegistryPostProcessor'
2026-04-13T22:04:10.489-04:00 DEBUG 70735 --- [fullstack3] [           main] o.s.b.f.s.DefaultListableBeanFactory     : Autowiring by type from bean name 'meterRegistryPostProcessor' via factory method to bean named 'org.springframework.web.context.support.GenericWebApplicationContext@271f18d3'
2026-04-13T22:04:10.491-04:00 DEBUG 70735 --- [fullstack3] [           main] o.s.b.f.s.DefaultListableBeanFactory     : Creating shared instance of singleton bean 'metricsRepositoryMethodInvocationListenerBeanPostProcessor'
2026-04-13T22:04:10.492-04:00 DEBUG 70735 --- [fullstack3] [           main] o.s.b.f.s.DefaultListableBeanFactory     : Creating shared instance of singleton bean 'observationRegistryPostProcessor'
2026-04-13T22:04:10.493-04:00 DEBUG 70735 --- [fullstack3] [           main] o.s.b.f.s.DefaultListableBeanFactory     : Creating shared instance of singleton bean 'projectingArgumentResolverBeanPostProcessor'
2026-04-13T22:04:10.512-04:00 DEBUG 70735 --- [fullstack3] [           main] o.s.u.c.s.UiApplicationContextUtils      : Unable to locate ThemeSource with name 'themeSource': using default [org.springframework.ui.context.support.ResourceBundleThemeSource@131a7516]
2026-04-13T22:04:10.513-04:00 DEBUG 70735 --- [fullstack3] [           main] o.s.b.f.s.DefaultListableBeanFactory     : Creating shared instance of singleton bean 'applicationTaskExecutor'
2026-04-13T22:04:10.513-04:00 DEBUG 70735 --- [fullstack3] [           main] o.s.b.f.s.DefaultListableBeanFactory     : Creating shared instance of singleton bean 'org.springframework.boot.autoconfigure.task.TaskExecutorConfigurations$TaskExecutorConfiguration'
2026-04-13T22:04:10.514-04:00 DEBUG 70735 --- [fullstack3] [           main] o.s.b.f.s.DefaultListableBeanFactory     : Creating shared instance of singleton bean 'threadPoolTaskExecutorBuilder'
2026-04-13T22:04:10.514-04:00 DEBUG 70735 --- [fullstack3] [           main] o.s.b.f.s.DefaultListableBeanFactory     : Creating shared instance of singleton bean 'org.springframework.boot.autoconfigure.task.TaskExecutorConfigurations$ThreadPoolTaskExecutorBuilderConfiguration'
2026-04-13T22:04:10.516-04:00 DEBUG 70735 --- [fullstack3] [           main] o.s.b.f.s.DefaultListableBeanFactory     : Creating shared instance of singleton bean 'spring.task.execution-org.springframework.boot.autoconfigure.task.TaskExecutionProperties'
2026-04-13T22:04:10.517-04:00 DEBUG 70735 --- [fullstack3] [           main] o.s.b.f.s.DefaultListableBeanFactory     : Creating shared instance of singleton bean 'org.springframework.boot.context.properties.BoundConfigurationProperties'
2026-04-13T22:04:10.526-04:00 DEBUG 70735 --- [fullstack3] [           main] o.s.b.f.s.DefaultListableBeanFactory     : Autowiring by type from bean name 'threadPoolTaskExecutorBuilder' via factory method to bean named 'spring.task.execution-org.springframework.boot.autoconfigure.task.TaskExecutionProperties'
2026-04-13T22:04:10.529-04:00 DEBUG 70735 --- [fullstack3] [           main] o.s.b.f.s.DefaultListableBeanFactory     : Autowiring by type from bean name 'applicationTaskExecutor' via factory method to bean named 'threadPoolTaskExecutorBuilder'
2026-04-13T22:04:10.535-04:00 DEBUG 70735 --- [fullstack3] [           main] o.s.s.concurrent.ThreadPoolTaskExecutor  : Initializing ExecutorService 'applicationTaskExecutor'
2026-04-13T22:04:10.543-04:00 DEBUG 70735 --- [fullstack3] [           main] o.s.b.f.s.DefaultListableBeanFactory     : Creating shared instance of singleton bean 'org.springframework.test.context.support.internalDynamicPropertyRegistrarBeanInitializer'
2026-04-13T22:04:10.549-04:00 DEBUG 70735 --- [fullstack3] [           main] o.s.b.f.s.DefaultListableBeanFactory     : Creating shared instance of singleton bean 'dataSourceScriptDatabaseInitializer'
2026-04-13T22:04:10.549-04:00 DEBUG 70735 --- [fullstack3] [           main] o.s.b.f.s.DefaultListableBeanFactory     : Creating shared instance of singleton bean 'org.springframework.boot.autoconfigure.sql.init.DataSourceInitializationConfiguration'
2026-04-13T22:04:10.550-04:00 DEBUG 70735 --- [fullstack3] [           main] o.s.b.f.s.DefaultListableBeanFactory     : Creating shared instance of singleton bean 'dataSource'
2026-04-13T22:04:10.551-04:00 DEBUG 70735 --- [fullstack3] [           main] o.s.b.f.s.DefaultListableBeanFactory     : Creating shared instance of singleton bean 'org.springframework.boot.autoconfigure.jdbc.DataSourceConfiguration$Hikari'
2026-04-13T22:04:10.552-04:00 DEBUG 70735 --- [fullstack3] [           main] o.s.b.f.s.DefaultListableBeanFactory     : Creating shared instance of singleton bean 'spring.datasource-org.springframework.boot.autoconfigure.jdbc.DataSourceProperties'
2026-04-13T22:04:10.564-04:00 DEBUG 70735 --- [fullstack3] [           main] o.s.b.f.s.DefaultListableBeanFactory     : Creating shared instance of singleton bean 'jdbcConnectionDetails'
2026-04-13T22:04:10.564-04:00 DEBUG 70735 --- [fullstack3] [           main] o.s.b.f.s.DefaultListableBeanFactory     : Creating shared instance of singleton bean 'org.springframework.boot.autoconfigure.jdbc.DataSourceAutoConfiguration$PooledDataSourceConfiguration'
2026-04-13T22:04:10.566-04:00 DEBUG 70735 --- [fullstack3] [           main] o.s.b.f.s.DefaultListableBeanFactory     : Autowiring by type from bean name 'jdbcConnectionDetails' via factory method to bean named 'spring.datasource-org.springframework.boot.autoconfigure.jdbc.DataSourceProperties'
2026-04-13T22:04:10.568-04:00 DEBUG 70735 --- [fullstack3] [           main] o.s.b.f.s.DefaultListableBeanFactory     : Autowiring by type from bean name 'dataSource' via factory method to bean named 'spring.datasource-org.springframework.boot.autoconfigure.jdbc.DataSourceProperties'
2026-04-13T22:04:10.568-04:00 DEBUG 70735 --- [fullstack3] [           main] o.s.b.f.s.DefaultListableBeanFactory     : Autowiring by type from bean name 'dataSource' via factory method to bean named 'jdbcConnectionDetails'
2026-04-13T22:04:10.568-04:00 DEBUG 70735 --- [fullstack3] [           main] o.s.b.f.s.DefaultListableBeanFactory     : Autowiring by type from bean name 'dataSource' via factory method to bean named 'environment'
2026-04-13T22:04:10.681-04:00 DEBUG 70735 --- [fullstack3] [           main] o.s.b.f.s.DefaultListableBeanFactory     : Creating shared instance of singleton bean 'spring.sql.init-org.springframework.boot.autoconfigure.sql.init.SqlInitializationProperties'
2026-04-13T22:04:10.683-04:00 DEBUG 70735 --- [fullstack3] [           main] o.s.b.f.s.DefaultListableBeanFactory     : Autowiring by type from bean name 'dataSourceScriptDatabaseInitializer' via factory method to bean named 'dataSource'
2026-04-13T22:04:10.683-04:00 DEBUG 70735 --- [fullstack3] [           main] o.s.b.f.s.DefaultListableBeanFactory     : Autowiring by type from bean name 'dataSourceScriptDatabaseInitializer' via factory method to bean named 'spring.sql.init-org.springframework.boot.autoconfigure.sql.init.SqlInitializationProperties'
2026-04-13T22:04:10.686-04:00 DEBUG 70735 --- [fullstack3] [           main] o.s.b.f.s.DefaultListableBeanFactory     : Creating shared instance of singleton bean 'entityManagerFactory'
2026-04-13T22:04:10.686-04:00 DEBUG 70735 --- [fullstack3] [           main] o.s.b.f.s.DefaultListableBeanFactory     : Creating shared instance of singleton bean 'org.springframework.boot.autoconfigure.orm.jpa.HibernateJpaConfiguration'
2026-04-13T22:04:10.687-04:00 DEBUG 70735 --- [fullstack3] [           main] o.s.b.f.s.DefaultListableBeanFactory     : Creating shared instance of singleton bean 'spring.jpa-org.springframework.boot.autoconfigure.orm.jpa.JpaProperties'
2026-04-13T22:04:10.690-04:00 DEBUG 70735 --- [fullstack3] [           main] o.s.b.f.s.DefaultListableBeanFactory     : Creating shared instance of singleton bean 'spring.jpa.hibernate-org.springframework.boot.autoconfigure.orm.jpa.HibernateProperties'
2026-04-13T22:04:10.691-04:00 DEBUG 70735 --- [fullstack3] [           main] o.s.b.f.s.DefaultListableBeanFactory     : Autowiring by type from bean name 'org.springframework.boot.autoconfigure.orm.jpa.HibernateJpaConfiguration' via constructor to bean named 'dataSource'
2026-04-13T22:04:10.691-04:00 DEBUG 70735 --- [fullstack3] [           main] o.s.b.f.s.DefaultListableBeanFactory     : Autowiring by type from bean name 'org.springframework.boot.autoconfigure.orm.jpa.HibernateJpaConfiguration' via constructor to bean named 'spring.jpa-org.springframework.boot.autoconfigure.orm.jpa.JpaProperties'
2026-04-13T22:04:10.691-04:00 DEBUG 70735 --- [fullstack3] [           main] o.s.b.f.s.DefaultListableBeanFactory     : Autowiring by type from bean name 'org.springframework.boot.autoconfigure.orm.jpa.HibernateJpaConfiguration' via constructor to bean named 'org.springframework.beans.factory.support.DefaultListableBeanFactory@7a26928a'
2026-04-13T22:04:10.691-04:00 DEBUG 70735 --- [fullstack3] [           main] o.s.b.f.s.DefaultListableBeanFactory     : Autowiring by type from bean name 'org.springframework.boot.autoconfigure.orm.jpa.HibernateJpaConfiguration' via constructor to bean named 'spring.jpa.hibernate-org.springframework.boot.autoconfigure.orm.jpa.HibernateProperties'
2026-04-13T22:04:10.693-04:00 DEBUG 70735 --- [fullstack3] [           main] o.s.b.f.s.DefaultListableBeanFactory     : Creating shared instance of singleton bean 'oracleUcpPoolDataSourceMetadataProvider'
2026-04-13T22:04:10.693-04:00 DEBUG 70735 --- [fullstack3] [           main] o.s.b.f.s.DefaultListableBeanFactory     : Creating shared instance of singleton bean 'org.springframework.boot.autoconfigure.jdbc.metadata.DataSourcePoolMetadataProvidersConfiguration$OracleUcpPoolDataSourceMetadataProviderConfiguration'
2026-04-13T22:04:10.694-04:00 DEBUG 70735 --- [fullstack3] [           main] o.s.b.f.s.DefaultListableBeanFactory     : Creating shared instance of singleton bean 'hikariPoolDataSourceMetadataProvider'
2026-04-13T22:04:10.694-04:00 DEBUG 70735 --- [fullstack3] [           main] o.s.b.f.s.DefaultListableBeanFactory     : Creating shared instance of singleton bean 'org.springframework.boot.autoconfigure.jdbc.metadata.DataSourcePoolMetadataProvidersConfiguration$HikariPoolDataSourceMetadataProviderConfiguration'
2026-04-13T22:04:10.699-04:00 DEBUG 70735 --- [fullstack3] [           main] o.s.b.f.s.DefaultListableBeanFactory     : Creating shared instance of singleton bean 'entityManagerFactoryBuilder'
2026-04-13T22:04:10.699-04:00 DEBUG 70735 --- [fullstack3] [           main] o.s.b.f.s.DefaultListableBeanFactory     : Creating shared instance of singleton bean 'jpaVendorAdapter'
2026-04-13T22:04:10.711-04:00 DEBUG 70735 --- [fullstack3] [           main] o.s.b.f.s.DefaultListableBeanFactory     : Autowiring by type from bean name 'entityManagerFactoryBuilder' via factory method to bean named 'jpaVendorAdapter'
2026-04-13T22:04:10.713-04:00 DEBUG 70735 --- [fullstack3] [           main] o.s.b.f.s.DefaultListableBeanFactory     : Creating shared instance of singleton bean 'persistenceManagedTypes'
2026-04-13T22:04:10.714-04:00 DEBUG 70735 --- [fullstack3] [           main] o.s.b.f.s.DefaultListableBeanFactory     : Autowiring by type from bean name 'persistenceManagedTypes' via factory method to bean named 'org.springframework.beans.factory.support.DefaultListableBeanFactory@7a26928a'
2026-04-13T22:04:10.714-04:00 DEBUG 70735 --- [fullstack3] [           main] o.s.b.f.s.DefaultListableBeanFactory     : Autowiring by type from bean name 'persistenceManagedTypes' via factory method to bean named 'org.springframework.web.context.support.GenericWebApplicationContext@271f18d3'
2026-04-13T22:04:10.719-04:00 DEBUG 70735 --- [fullstack3] [           main] o.s.b.f.s.DefaultListableBeanFactory     : Autowiring by type from bean name 'entityManagerFactory' via factory method to bean named 'entityManagerFactoryBuilder'
2026-04-13T22:04:10.719-04:00 DEBUG 70735 --- [fullstack3] [           main] o.s.b.f.s.DefaultListableBeanFactory     : Autowiring by type from bean name 'entityManagerFactory' via factory method to bean named 'persistenceManagedTypes'
2026-04-13T22:04:10.732-04:00 DEBUG 70735 --- [fullstack3] [           main] j.LocalContainerEntityManagerFactoryBean : Building JPA container EntityManagerFactory for persistence unit 'default'
2026-04-13T22:04:10.768-04:00 DEBUG 70735 --- [fullstack3] [           main] o.hibernate.jpa.internal.util.LogHelper  : PersistenceUnitInfo [
	name: default
	persistence provider classname: null
	classloader: jdk.internal.loader.ClassLoaders$AppClassLoader@42110406
	excludeUnlistedClasses: true
	JTA datasource: null
	Non JTA datasource: HikariDataSource (null)
	Transaction type: RESOURCE_LOCAL
	PU root URL: file:/Users/krhisnaoyanedelyanez/Desktop/Inge%20Desarrollo%20de%20Software/BIMESTRE%20VI/DESARROLLO%20FULLSTACK/EXPERIENCIA%201/SEMANA%202/fullstack3/target/test-classes/
	Shared Cache Mode: UNSPECIFIED
	Validation Mode: AUTO
	Jar files URLs []
	Managed classes names [
		com.fullstack3.fullstack3.model.Usuario]
	Mapping files names []
	Properties []
2026-04-13T22:04:10.774-04:00 DEBUG 70735 --- [fullstack3] [           main] o.h.i.internal.IntegratorServiceImpl     : Adding Integrator [org.hibernate.boot.beanvalidation.BeanValidationIntegrator].
2026-04-13T22:04:10.777-04:00 DEBUG 70735 --- [fullstack3] [           main] o.h.i.internal.IntegratorServiceImpl     : Adding Integrator [org.hibernate.cache.internal.CollectionCacheInvalidator].
2026-04-13T22:04:10.855-04:00  INFO 70735 --- [fullstack3] [           main] org.hibernate.Version                    : HHH000412: Hibernate ORM core version 6.6.44.Final
2026-04-13T22:04:10.857-04:00 DEBUG 70735 --- [fullstack3] [           main] org.hibernate.cfg.Environment            : HHH000206: 'hibernate.properties' not found
2026-04-13T22:04:10.892-04:00 DEBUG 70735 --- [fullstack3] [           main] org.hibernate.orm.idgen.factory          : Registering IdentifierGenerator strategy [uuid2] -> [org.hibernate.id.UUIDGenerator]
2026-04-13T22:04:10.893-04:00 DEBUG 70735 --- [fullstack3] [           main] org.hibernate.orm.idgen.factory          : Registering IdentifierGenerator strategy [guid] -> [org.hibernate.id.GUIDGenerator]
2026-04-13T22:04:10.894-04:00 DEBUG 70735 --- [fullstack3] [           main] org.hibernate.orm.idgen.factory          : Registering IdentifierGenerator strategy [uuid] -> [org.hibernate.id.UUIDHexGenerator]
2026-04-13T22:04:10.894-04:00 DEBUG 70735 --- [fullstack3] [           main] org.hibernate.orm.idgen.factory          : Registering IdentifierGenerator strategy [uuid.hex] -> [org.hibernate.id.UUIDHexGenerator]
2026-04-13T22:04:10.895-04:00 DEBUG 70735 --- [fullstack3] [           main] org.hibernate.orm.idgen.factory          : Registering IdentifierGenerator strategy [assigned] -> [org.hibernate.id.Assigned]
2026-04-13T22:04:10.896-04:00 DEBUG 70735 --- [fullstack3] [           main] org.hibernate.orm.idgen.factory          : Registering IdentifierGenerator strategy [identity] -> [org.hibernate.id.IdentityGenerator]
2026-04-13T22:04:10.897-04:00 DEBUG 70735 --- [fullstack3] [           main] org.hibernate.orm.idgen.factory          : Registering IdentifierGenerator strategy [select] -> [org.hibernate.id.SelectGenerator]
2026-04-13T22:04:10.898-04:00 DEBUG 70735 --- [fullstack3] [           main] org.hibernate.orm.idgen.factory          : Registering IdentifierGenerator strategy [sequence] -> [org.hibernate.id.enhanced.SequenceStyleGenerator]
2026-04-13T22:04:10.899-04:00 DEBUG 70735 --- [fullstack3] [           main] org.hibernate.orm.idgen.factory          : Registering IdentifierGenerator strategy [increment] -> [org.hibernate.id.IncrementGenerator]
2026-04-13T22:04:10.900-04:00 DEBUG 70735 --- [fullstack3] [           main] org.hibernate.orm.idgen.factory          : Registering IdentifierGenerator strategy [foreign] -> [org.hibernate.id.ForeignGenerator]
2026-04-13T22:04:10.900-04:00 DEBUG 70735 --- [fullstack3] [           main] org.hibernate.orm.idgen.factory          : Registering IdentifierGenerator strategy [enhanced-sequence] -> [org.hibernate.id.enhanced.SequenceStyleGenerator]
2026-04-13T22:04:10.901-04:00 DEBUG 70735 --- [fullstack3] [           main] org.hibernate.orm.idgen.factory          : Registering IdentifierGenerator strategy [enhanced-table] -> [org.hibernate.id.enhanced.TableGenerator]
2026-04-13T22:04:10.911-04:00 DEBUG 70735 --- [fullstack3] [           main] o.h.c.internal.RegionFactoryInitiator    : Cannot default RegionFactory based on registered strategies as `[]` RegionFactory strategies were registered
2026-04-13T22:04:10.912-04:00  INFO 70735 --- [fullstack3] [           main] o.h.c.internal.RegionFactoryInitiator    : HHH000026: Second-level cache disabled
2026-04-13T22:04:11.020-04:00 DEBUG 70735 --- [fullstack3] [           main] org.hibernate.type.BasicTypeRegistry     : Adding type registration boolean -> org.hibernate.type.BasicTypeReference@39f42d0e
2026-04-13T22:04:11.020-04:00 DEBUG 70735 --- [fullstack3] [           main] org.hibernate.type.BasicTypeRegistry     : Adding type registration boolean -> org.hibernate.type.BasicTypeReference@39f42d0e
2026-04-13T22:04:11.020-04:00 DEBUG 70735 --- [fullstack3] [           main] org.hibernate.type.BasicTypeRegistry     : Adding type registration java.lang.Boolean -> org.hibernate.type.BasicTypeReference@39f42d0e
2026-04-13T22:04:11.020-04:00 DEBUG 70735 --- [fullstack3] [           main] org.hibernate.type.BasicTypeRegistry     : Adding type registration numeric_boolean -> org.hibernate.type.BasicTypeReference@47a3d56a
2026-04-13T22:04:11.020-04:00 DEBUG 70735 --- [fullstack3] [           main] org.hibernate.type.BasicTypeRegistry     : Adding type registration org.hibernate.type.NumericBooleanConverter -> org.hibernate.type.BasicTypeReference@47a3d56a
2026-04-13T22:04:11.020-04:00 DEBUG 70735 --- [fullstack3] [           main] org.hibernate.type.BasicTypeRegistry     : Adding type registration true_false -> org.hibernate.type.BasicTypeReference@3a209918
2026-04-13T22:04:11.020-04:00 DEBUG 70735 --- [fullstack3] [           main] org.hibernate.type.BasicTypeRegistry     : Adding type registration org.hibernate.type.TrueFalseConverter -> org.hibernate.type.BasicTypeReference@3a209918
2026-04-13T22:04:11.020-04:00 DEBUG 70735 --- [fullstack3] [           main] org.hibernate.type.BasicTypeRegistry     : Adding type registration yes_no -> org.hibernate.type.BasicTypeReference@2cae5fa7
2026-04-13T22:04:11.020-04:00 DEBUG 70735 --- [fullstack3] [           main] org.hibernate.type.BasicTypeRegistry     : Adding type registration org.hibernate.type.YesNoConverter -> org.hibernate.type.BasicTypeReference@2cae5fa7
2026-04-13T22:04:11.021-04:00 DEBUG 70735 --- [fullstack3] [           main] org.hibernate.type.BasicTypeRegistry     : Adding type registration byte -> org.hibernate.type.BasicTypeReference@34aa8b61
2026-04-13T22:04:11.021-04:00 DEBUG 70735 --- [fullstack3] [           main] org.hibernate.type.BasicTypeRegistry     : Adding type registration byte -> org.hibernate.type.BasicTypeReference@34aa8b61
2026-04-13T22:04:11.021-04:00 DEBUG 70735 --- [fullstack3] [           main] org.hibernate.type.BasicTypeRegistry     : Adding type registration java.lang.Byte -> org.hibernate.type.BasicTypeReference@34aa8b61
2026-04-13T22:04:11.021-04:00 DEBUG 70735 --- [fullstack3] [           main] org.hibernate.type.BasicTypeRegistry     : Adding type registration binary -> org.hibernate.type.BasicTypeReference@6d7b001b
2026-04-13T22:04:11.021-04:00 DEBUG 70735 --- [fullstack3] [           main] org.hibernate.type.BasicTypeRegistry     : Adding type registration byte[] -> org.hibernate.type.BasicTypeReference@6d7b001b
2026-04-13T22:04:11.021-04:00 DEBUG 70735 --- [fullstack3] [           main] org.hibernate.type.BasicTypeRegistry     : Adding type registration [B -> org.hibernate.type.BasicTypeReference@6d7b001b
2026-04-13T22:04:11.021-04:00 DEBUG 70735 --- [fullstack3] [           main] org.hibernate.type.BasicTypeRegistry     : Adding type registration binary_wrapper -> org.hibernate.type.BasicTypeReference@532dacf5
2026-04-13T22:04:11.021-04:00 DEBUG 70735 --- [fullstack3] [           main] org.hibernate.type.BasicTypeRegistry     : Adding type registration wrapper-binary -> org.hibernate.type.BasicTypeReference@532dacf5
2026-04-13T22:04:11.021-04:00 DEBUG 70735 --- [fullstack3] [           main] org.hibernate.type.BasicTypeRegistry     : Adding type registration image -> org.hibernate.type.BasicTypeReference@da09250
2026-04-13T22:04:11.021-04:00 DEBUG 70735 --- [fullstack3] [           main] org.hibernate.type.BasicTypeRegistry     : Adding type registration blob -> org.hibernate.type.BasicTypeReference@6d31f106
2026-04-13T22:04:11.021-04:00 DEBUG 70735 --- [fullstack3] [           main] org.hibernate.type.BasicTypeRegistry     : Adding type registration java.sql.Blob -> org.hibernate.type.BasicTypeReference@6d31f106
2026-04-13T22:04:11.022-04:00 DEBUG 70735 --- [fullstack3] [           main] org.hibernate.type.BasicTypeRegistry     : Adding type registration materialized_blob -> org.hibernate.type.BasicTypeReference@587f4f63
2026-04-13T22:04:11.022-04:00 DEBUG 70735 --- [fullstack3] [           main] org.hibernate.type.BasicTypeRegistry     : Adding type registration materialized_blob_wrapper -> org.hibernate.type.BasicTypeReference@660b1a9d
2026-04-13T22:04:11.022-04:00 DEBUG 70735 --- [fullstack3] [           main] org.hibernate.type.BasicTypeRegistry     : Adding type registration short -> org.hibernate.type.BasicTypeReference@6fb0261e
2026-04-13T22:04:11.022-04:00 DEBUG 70735 --- [fullstack3] [           main] org.hibernate.type.BasicTypeRegistry     : Adding type registration short -> org.hibernate.type.BasicTypeReference@6fb0261e
2026-04-13T22:04:11.022-04:00 DEBUG 70735 --- [fullstack3] [           main] org.hibernate.type.BasicTypeRegistry     : Adding type registration java.lang.Short -> org.hibernate.type.BasicTypeReference@6fb0261e
2026-04-13T22:04:11.022-04:00 DEBUG 70735 --- [fullstack3] [           main] org.hibernate.type.BasicTypeRegistry     : Adding type registration integer -> org.hibernate.type.BasicTypeReference@d6b532f
2026-04-13T22:04:11.023-04:00 DEBUG 70735 --- [fullstack3] [           main] org.hibernate.type.BasicTypeRegistry     : Adding type registration int -> org.hibernate.type.BasicTypeReference@d6b532f
2026-04-13T22:04:11.023-04:00 DEBUG 70735 --- [fullstack3] [           main] org.hibernate.type.BasicTypeRegistry     : Adding type registration java.lang.Integer -> org.hibernate.type.BasicTypeReference@d6b532f
2026-04-13T22:04:11.023-04:00 DEBUG 70735 --- [fullstack3] [           main] org.hibernate.type.BasicTypeRegistry     : Adding type registration long -> org.hibernate.type.BasicTypeReference@2f4d01b6
2026-04-13T22:04:11.023-04:00 DEBUG 70735 --- [fullstack3] [           main] org.hibernate.type.BasicTypeRegistry     : Adding type registration long -> org.hibernate.type.BasicTypeReference@2f4d01b6
2026-04-13T22:04:11.023-04:00 DEBUG 70735 --- [fullstack3] [           main] org.hibernate.type.BasicTypeRegistry     : Adding type registration java.lang.Long -> org.hibernate.type.BasicTypeReference@2f4d01b6
2026-04-13T22:04:11.023-04:00 DEBUG 70735 --- [fullstack3] [           main] org.hibernate.type.BasicTypeRegistry     : Adding type registration float -> org.hibernate.type.BasicTypeReference@112c2930
2026-04-13T22:04:11.023-04:00 DEBUG 70735 --- [fullstack3] [           main] org.hibernate.type.BasicTypeRegistry     : Adding type registration float -> org.hibernate.type.BasicTypeReference@112c2930
2026-04-13T22:04:11.023-04:00 DEBUG 70735 --- [fullstack3] [           main] org.hibernate.type.BasicTypeRegistry     : Adding type registration java.lang.Float -> org.hibernate.type.BasicTypeReference@112c2930
2026-04-13T22:04:11.023-04:00 DEBUG 70735 --- [fullstack3] [           main] org.hibernate.type.BasicTypeRegistry     : Adding type registration double -> org.hibernate.type.BasicTypeReference@7f426ddd
2026-04-13T22:04:11.023-04:00 DEBUG 70735 --- [fullstack3] [           main] org.hibernate.type.BasicTypeRegistry     : Adding type registration double -> org.hibernate.type.BasicTypeReference@7f426ddd
2026-04-13T22:04:11.023-04:00 DEBUG 70735 --- [fullstack3] [           main] org.hibernate.type.BasicTypeRegistry     : Adding type registration java.lang.Double -> org.hibernate.type.BasicTypeReference@7f426ddd
2026-04-13T22:04:11.024-04:00 DEBUG 70735 --- [fullstack3] [           main] org.hibernate.type.BasicTypeRegistry     : Adding type registration big_integer -> org.hibernate.type.BasicTypeReference@28e7bb31
2026-04-13T22:04:11.024-04:00 DEBUG 70735 --- [fullstack3] [           main] org.hibernate.type.BasicTypeRegistry     : Adding type registration java.math.BigInteger -> org.hibernate.type.BasicTypeReference@28e7bb31
2026-04-13T22:04:11.024-04:00 DEBUG 70735 --- [fullstack3] [           main] org.hibernate.type.BasicTypeRegistry     : Adding type registration big_decimal -> org.hibernate.type.BasicTypeReference@6fe04f2a
2026-04-13T22:04:11.024-04:00 DEBUG 70735 --- [fullstack3] [           main] org.hibernate.type.BasicTypeRegistry     : Adding type registration java.math.BigDecimal -> org.hibernate.type.BasicTypeReference@6fe04f2a
2026-04-13T22:04:11.024-04:00 DEBUG 70735 --- [fullstack3] [           main] org.hibernate.type.BasicTypeRegistry     : Adding type registration character -> org.hibernate.type.BasicTypeReference@1f758e4f
2026-04-13T22:04:11.024-04:00 DEBUG 70735 --- [fullstack3] [           main] org.hibernate.type.BasicTypeRegistry     : Adding type registration char -> org.hibernate.type.BasicTypeReference@1f758e4f
2026-04-13T22:04:11.024-04:00 DEBUG 70735 --- [fullstack3] [           main] org.hibernate.type.BasicTypeRegistry     : Adding type registration java.lang.Character -> org.hibernate.type.BasicTypeReference@1f758e4f
2026-04-13T22:04:11.024-04:00 DEBUG 70735 --- [fullstack3] [           main] org.hibernate.type.BasicTypeRegistry     : Adding type registration character_nchar -> org.hibernate.type.BasicTypeReference@733534f9
2026-04-13T22:04:11.024-04:00 DEBUG 70735 --- [fullstack3] [           main] org.hibernate.type.BasicTypeRegistry     : Adding type registration string -> org.hibernate.type.BasicTypeReference@661e279d
2026-04-13T22:04:11.024-04:00 DEBUG 70735 --- [fullstack3] [           main] org.hibernate.type.BasicTypeRegistry     : Adding type registration java.lang.String -> org.hibernate.type.BasicTypeReference@661e279d
2026-04-13T22:04:11.025-04:00 DEBUG 70735 --- [fullstack3] [           main] org.hibernate.type.BasicTypeRegistry     : Adding type registration nstring -> org.hibernate.type.BasicTypeReference@beabd6b
2026-04-13T22:04:11.025-04:00 DEBUG 70735 --- [fullstack3] [           main] org.hibernate.type.BasicTypeRegistry     : Adding type registration characters -> org.hibernate.type.BasicTypeReference@38de5daf
2026-04-13T22:04:11.025-04:00 DEBUG 70735 --- [fullstack3] [           main] org.hibernate.type.BasicTypeRegistry     : Adding type registration char[] -> org.hibernate.type.BasicTypeReference@38de5daf
2026-04-13T22:04:11.025-04:00 DEBUG 70735 --- [fullstack3] [           main] org.hibernate.type.BasicTypeRegistry     : Adding type registration [C -> org.hibernate.type.BasicTypeReference@38de5daf
2026-04-13T22:04:11.025-04:00 DEBUG 70735 --- [fullstack3] [           main] org.hibernate.type.BasicTypeRegistry     : Adding type registration wrapper-characters -> org.hibernate.type.BasicTypeReference@621624b1
2026-04-13T22:04:11.025-04:00 DEBUG 70735 --- [fullstack3] [           main] org.hibernate.type.BasicTypeRegistry     : Adding type registration text -> org.hibernate.type.BasicTypeReference@7523d5a1
2026-04-13T22:04:11.025-04:00 DEBUG 70735 --- [fullstack3] [           main] org.hibernate.type.BasicTypeRegistry     : Adding type registration ntext -> org.hibernate.type.BasicTypeReference@2bfc2f8b
2026-04-13T22:04:11.025-04:00 DEBUG 70735 --- [fullstack3] [           main] org.hibernate.type.BasicTypeRegistry     : Adding type registration clob -> org.hibernate.type.BasicTypeReference@61853c7e
2026-04-13T22:04:11.025-04:00 DEBUG 70735 --- [fullstack3] [           main] org.hibernate.type.BasicTypeRegistry     : Adding type registration java.sql.Clob -> org.hibernate.type.BasicTypeReference@61853c7e
2026-04-13T22:04:11.025-04:00 DEBUG 70735 --- [fullstack3] [           main] org.hibernate.type.BasicTypeRegistry     : Adding type registration nclob -> org.hibernate.type.BasicTypeReference@32e5af53
2026-04-13T22:04:11.026-04:00 DEBUG 70735 --- [fullstack3] [           main] org.hibernate.type.BasicTypeRegistry     : Adding type registration java.sql.NClob -> org.hibernate.type.BasicTypeReference@32e5af53
2026-04-13T22:04:11.026-04:00 DEBUG 70735 --- [fullstack3] [           main] org.hibernate.type.BasicTypeRegistry     : Adding type registration materialized_clob -> org.hibernate.type.BasicTypeReference@5980fa73
2026-04-13T22:04:11.026-04:00 DEBUG 70735 --- [fullstack3] [           main] org.hibernate.type.BasicTypeRegistry     : Adding type registration materialized_clob_char_array -> org.hibernate.type.BasicTypeReference@13ca16bf
2026-04-13T22:04:11.026-04:00 DEBUG 70735 --- [fullstack3] [           main] org.hibernate.type.BasicTypeRegistry     : Adding type registration materialized_clob_character_array -> org.hibernate.type.BasicTypeReference@5be4be74
2026-04-13T22:04:11.026-04:00 DEBUG 70735 --- [fullstack3] [           main] org.hibernate.type.BasicTypeRegistry     : Adding type registration materialized_nclob -> org.hibernate.type.BasicTypeReference@44641d6c
2026-04-13T22:04:11.026-04:00 DEBUG 70735 --- [fullstack3] [           main] org.hibernate.type.BasicTypeRegistry     : Adding type registration materialized_nclob_character_array -> org.hibernate.type.BasicTypeReference@1ae924f1
2026-04-13T22:04:11.026-04:00 DEBUG 70735 --- [fullstack3] [           main] org.hibernate.type.BasicTypeRegistry     : Adding type registration materialized_nclob_char_array -> org.hibernate.type.BasicTypeReference@59d5a6fd
2026-04-13T22:04:11.026-04:00 DEBUG 70735 --- [fullstack3] [           main] org.hibernate.type.BasicTypeRegistry     : Adding type registration Duration -> org.hibernate.type.BasicTypeReference@27bcb4ad
2026-04-13T22:04:11.026-04:00 DEBUG 70735 --- [fullstack3] [           main] org.hibernate.type.BasicTypeRegistry     : Adding type registration java.time.Duration -> org.hibernate.type.BasicTypeReference@27bcb4ad
2026-04-13T22:04:11.026-04:00 DEBUG 70735 --- [fullstack3] [           main] org.hibernate.type.BasicTypeRegistry     : Adding type registration LocalDateTime -> org.hibernate.type.BasicTypeReference@4357524b
2026-04-13T22:04:11.026-04:00 DEBUG 70735 --- [fullstack3] [           main] org.hibernate.type.BasicTypeRegistry     : Adding type registration java.time.LocalDateTime -> org.hibernate.type.BasicTypeReference@4357524b
2026-04-13T22:04:11.027-04:00 DEBUG 70735 --- [fullstack3] [           main] org.hibernate.type.BasicTypeRegistry     : Adding type registration LocalDate -> org.hibernate.type.BasicTypeReference@104a287c
2026-04-13T22:04:11.027-04:00 DEBUG 70735 --- [fullstack3] [           main] org.hibernate.type.BasicTypeRegistry     : Adding type registration java.time.LocalDate -> org.hibernate.type.BasicTypeReference@104a287c
2026-04-13T22:04:11.027-04:00 DEBUG 70735 --- [fullstack3] [           main] org.hibernate.type.BasicTypeRegistry     : Adding type registration LocalTime -> org.hibernate.type.BasicTypeReference@64dc86c6
2026-04-13T22:04:11.027-04:00 DEBUG 70735 --- [fullstack3] [           main] org.hibernate.type.BasicTypeRegistry     : Adding type registration java.time.LocalTime -> org.hibernate.type.BasicTypeReference@64dc86c6
2026-04-13T22:04:11.027-04:00 DEBUG 70735 --- [fullstack3] [           main] org.hibernate.type.BasicTypeRegistry     : Adding type registration OffsetDateTime -> org.hibernate.type.BasicTypeReference@26874f2c
2026-04-13T22:04:11.027-04:00 DEBUG 70735 --- [fullstack3] [           main] org.hibernate.type.BasicTypeRegistry     : Adding type registration java.time.OffsetDateTime -> org.hibernate.type.BasicTypeReference@26874f2c
2026-04-13T22:04:11.027-04:00 DEBUG 70735 --- [fullstack3] [           main] org.hibernate.type.BasicTypeRegistry     : Adding type registration OffsetDateTimeWithTimezone -> org.hibernate.type.BasicTypeReference@5f3b84bd
2026-04-13T22:04:11.027-04:00 DEBUG 70735 --- [fullstack3] [           main] org.hibernate.type.BasicTypeRegistry     : Adding type registration OffsetDateTimeWithoutTimezone -> org.hibernate.type.BasicTypeReference@1e734eee
2026-04-13T22:04:11.027-04:00 DEBUG 70735 --- [fullstack3] [           main] org.hibernate.type.BasicTypeRegistry     : Adding type registration OffsetTime -> org.hibernate.type.BasicTypeReference@1e191150
2026-04-13T22:04:11.027-04:00 DEBUG 70735 --- [fullstack3] [           main] org.hibernate.type.BasicTypeRegistry     : Adding type registration java.time.OffsetTime -> org.hibernate.type.BasicTypeReference@1e191150
2026-04-13T22:04:11.027-04:00 DEBUG 70735 --- [fullstack3] [           main] org.hibernate.type.BasicTypeRegistry     : Adding type registration OffsetTimeUtc -> org.hibernate.type.BasicTypeReference@2fbd390
2026-04-13T22:04:11.027-04:00 DEBUG 70735 --- [fullstack3] [           main] org.hibernate.type.BasicTypeRegistry     : Adding type registration OffsetTimeWithTimezone -> org.hibernate.type.BasicTypeReference@166b11e
2026-04-13T22:04:11.028-04:00 DEBUG 70735 --- [fullstack3] [           main] org.hibernate.type.BasicTypeRegistry     : Adding type registration OffsetTimeWithoutTimezone -> org.hibernate.type.BasicTypeReference@5e68be2
2026-04-13T22:04:11.028-04:00 DEBUG 70735 --- [fullstack3] [           main] org.hibernate.type.BasicTypeRegistry     : Adding type registration ZonedDateTime -> org.hibernate.type.BasicTypeReference@5323999f
2026-04-13T22:04:11.028-04:00 DEBUG 70735 --- [fullstack3] [           main] org.hibernate.type.BasicTypeRegistry     : Adding type registration java.time.ZonedDateTime -> org.hibernate.type.BasicTypeReference@5323999f
2026-04-13T22:04:11.028-04:00 DEBUG 70735 --- [fullstack3] [           main] org.hibernate.type.BasicTypeRegistry     : Adding type registration ZonedDateTimeWithTimezone -> org.hibernate.type.BasicTypeReference@f18b738
2026-04-13T22:04:11.028-04:00 DEBUG 70735 --- [fullstack3] [           main] org.hibernate.type.BasicTypeRegistry     : Adding type registration ZonedDateTimeWithoutTimezone -> org.hibernate.type.BasicTypeReference@3bc20984
2026-04-13T22:04:11.028-04:00 DEBUG 70735 --- [fullstack3] [           main] org.hibernate.type.BasicTypeRegistry     : Adding type registration date -> org.hibernate.type.BasicTypeReference@aca3c85
2026-04-13T22:04:11.028-04:00 DEBUG 70735 --- [fullstack3] [           main] org.hibernate.type.BasicTypeRegistry     : Adding type registration java.sql.Date -> org.hibernate.type.BasicTypeReference@aca3c85
2026-04-13T22:04:11.028-04:00 DEBUG 70735 --- [fullstack3] [           main] org.hibernate.type.BasicTypeRegistry     : Adding type registration time -> org.hibernate.type.BasicTypeReference@45eab322
2026-04-13T22:04:11.028-04:00 DEBUG 70735 --- [fullstack3] [           main] org.hibernate.type.BasicTypeRegistry     : Adding type registration java.sql.Time -> org.hibernate.type.BasicTypeReference@45eab322
2026-04-13T22:04:11.028-04:00 DEBUG 70735 --- [fullstack3] [           main] org.hibernate.type.BasicTypeRegistry     : Adding type registration timestamp -> org.hibernate.type.BasicTypeReference@f017dd0
2026-04-13T22:04:11.029-04:00 DEBUG 70735 --- [fullstack3] [           main] org.hibernate.type.BasicTypeRegistry     : Adding type registration java.sql.Timestamp -> org.hibernate.type.BasicTypeReference@f017dd0
2026-04-13T22:04:11.029-04:00 DEBUG 70735 --- [fullstack3] [           main] org.hibernate.type.BasicTypeRegistry     : Adding type registration java.util.Date -> org.hibernate.type.BasicTypeReference@f017dd0
2026-04-13T22:04:11.029-04:00 DEBUG 70735 --- [fullstack3] [           main] org.hibernate.type.BasicTypeRegistry     : Adding type registration calendar -> org.hibernate.type.BasicTypeReference@2424cb9d
2026-04-13T22:04:11.029-04:00 DEBUG 70735 --- [fullstack3] [           main] org.hibernate.type.BasicTypeRegistry     : Adding type registration java.util.Calendar -> org.hibernate.type.BasicTypeReference@2424cb9d
2026-04-13T22:04:11.029-04:00 DEBUG 70735 --- [fullstack3] [           main] org.hibernate.type.BasicTypeRegistry     : Adding type registration java.util.GregorianCalendar -> org.hibernate.type.BasicTypeReference@2424cb9d
2026-04-13T22:04:11.029-04:00 DEBUG 70735 --- [fullstack3] [           main] org.hibernate.type.BasicTypeRegistry     : Adding type registration calendar_date -> org.hibernate.type.BasicTypeReference@7f51f588
2026-04-13T22:04:11.029-04:00 DEBUG 70735 --- [fullstack3] [           main] org.hibernate.type.BasicTypeRegistry     : Adding type registration calendar_time -> org.hibernate.type.BasicTypeReference@6fb22ae3
2026-04-13T22:04:11.029-04:00 DEBUG 70735 --- [fullstack3] [           main] org.hibernate.type.BasicTypeRegistry     : Adding type registration instant -> org.hibernate.type.BasicTypeReference@6bd92538
2026-04-13T22:04:11.029-04:00 DEBUG 70735 --- [fullstack3] [           main] org.hibernate.type.BasicTypeRegistry     : Adding type registration java.time.Instant -> org.hibernate.type.BasicTypeReference@6bd92538
2026-04-13T22:04:11.029-04:00 DEBUG 70735 --- [fullstack3] [           main] org.hibernate.type.BasicTypeRegistry     : Adding type registration uuid -> org.hibernate.type.BasicTypeReference@69a373fd
2026-04-13T22:04:11.029-04:00 DEBUG 70735 --- [fullstack3] [           main] org.hibernate.type.BasicTypeRegistry     : Adding type registration java.util.UUID -> org.hibernate.type.BasicTypeReference@69a373fd
2026-04-13T22:04:11.029-04:00 DEBUG 70735 --- [fullstack3] [           main] org.hibernate.type.BasicTypeRegistry     : Adding type registration pg-uuid -> org.hibernate.type.BasicTypeReference@69a373fd
2026-04-13T22:04:11.030-04:00 DEBUG 70735 --- [fullstack3] [           main] org.hibernate.type.BasicTypeRegistry     : Adding type registration uuid-binary -> org.hibernate.type.BasicTypeReference@19ae36f4
2026-04-13T22:04:11.030-04:00 DEBUG 70735 --- [fullstack3] [           main] org.hibernate.type.BasicTypeRegistry     : Adding type registration uuid-char -> org.hibernate.type.BasicTypeReference@6735f210
2026-04-13T22:04:11.030-04:00 DEBUG 70735 --- [fullstack3] [           main] org.hibernate.type.BasicTypeRegistry     : Adding type registration class -> org.hibernate.type.BasicTypeReference@4567fb2b
2026-04-13T22:04:11.030-04:00 DEBUG 70735 --- [fullstack3] [           main] org.hibernate.type.BasicTypeRegistry     : Adding type registration java.lang.Class -> org.hibernate.type.BasicTypeReference@4567fb2b
2026-04-13T22:04:11.030-04:00 DEBUG 70735 --- [fullstack3] [           main] org.hibernate.type.BasicTypeRegistry     : Adding type registration currency -> org.hibernate.type.BasicTypeReference@372954e1
2026-04-13T22:04:11.030-04:00 DEBUG 70735 --- [fullstack3] [           main] org.hibernate.type.BasicTypeRegistry     : Adding type registration Currency -> org.hibernate.type.BasicTypeReference@372954e1
2026-04-13T22:04:11.030-04:00 DEBUG 70735 --- [fullstack3] [           main] org.hibernate.type.BasicTypeRegistry     : Adding type registration java.util.Currency -> org.hibernate.type.BasicTypeReference@372954e1
2026-04-13T22:04:11.030-04:00 DEBUG 70735 --- [fullstack3] [           main] org.hibernate.type.BasicTypeRegistry     : Adding type registration locale -> org.hibernate.type.BasicTypeReference@5fd8dd66
2026-04-13T22:04:11.030-04:00 DEBUG 70735 --- [fullstack3] [           main] org.hibernate.type.BasicTypeRegistry     : Adding type registration java.util.Locale -> org.hibernate.type.BasicTypeReference@5fd8dd66
2026-04-13T22:04:11.030-04:00 DEBUG 70735 --- [fullstack3] [           main] org.hibernate.type.BasicTypeRegistry     : Adding type registration serializable -> org.hibernate.type.BasicTypeReference@173511ff
2026-04-13T22:04:11.030-04:00 DEBUG 70735 --- [fullstack3] [           main] org.hibernate.type.BasicTypeRegistry     : Adding type registration java.io.Serializable -> org.hibernate.type.BasicTypeReference@173511ff
2026-04-13T22:04:11.031-04:00 DEBUG 70735 --- [fullstack3] [           main] org.hibernate.type.BasicTypeRegistry     : Adding type registration timezone -> org.hibernate.type.BasicTypeReference@6df11e91
2026-04-13T22:04:11.031-04:00 DEBUG 70735 --- [fullstack3] [           main] org.hibernate.type.BasicTypeRegistry     : Adding type registration java.util.TimeZone -> org.hibernate.type.BasicTypeReference@6df11e91
2026-04-13T22:04:11.031-04:00 DEBUG 70735 --- [fullstack3] [           main] org.hibernate.type.BasicTypeRegistry     : Adding type registration ZoneOffset -> org.hibernate.type.BasicTypeReference@1002d192
2026-04-13T22:04:11.031-04:00 DEBUG 70735 --- [fullstack3] [           main] org.hibernate.type.BasicTypeRegistry     : Adding type registration java.time.ZoneOffset -> org.hibernate.type.BasicTypeReference@1002d192
2026-04-13T22:04:11.031-04:00 DEBUG 70735 --- [fullstack3] [           main] org.hibernate.type.BasicTypeRegistry     : Adding type registration url -> org.hibernate.type.BasicTypeReference@9281d19
2026-04-13T22:04:11.031-04:00 DEBUG 70735 --- [fullstack3] [           main] org.hibernate.type.BasicTypeRegistry     : Adding type registration java.net.URL -> org.hibernate.type.BasicTypeReference@9281d19
2026-04-13T22:04:11.031-04:00 DEBUG 70735 --- [fullstack3] [           main] org.hibernate.type.BasicTypeRegistry     : Adding type registration vector -> org.hibernate.type.BasicTypeReference@36ad5f2a
2026-04-13T22:04:11.031-04:00 DEBUG 70735 --- [fullstack3] [           main] org.hibernate.type.BasicTypeRegistry     : Adding type registration float_vector -> org.hibernate.type.BasicTypeReference@53cddaf8
2026-04-13T22:04:11.031-04:00 DEBUG 70735 --- [fullstack3] [           main] org.hibernate.type.BasicTypeRegistry     : Adding type registration double_vector -> org.hibernate.type.BasicTypeReference@55c50f52
2026-04-13T22:04:11.031-04:00 DEBUG 70735 --- [fullstack3] [           main] org.hibernate.type.BasicTypeRegistry     : Adding type registration byte_vector -> org.hibernate.type.BasicTypeReference@1ccc1026
2026-04-13T22:04:11.031-04:00 DEBUG 70735 --- [fullstack3] [           main] org.hibernate.type.BasicTypeRegistry     : Adding type registration row_version -> org.hibernate.type.BasicTypeReference@4044589a
2026-04-13T22:04:11.036-04:00 DEBUG 70735 --- [fullstack3] [           main] org.hibernate.type.BasicTypeRegistry     : Adding type registration object -> org.hibernate.type.JavaObjectType@74431b9c
2026-04-13T22:04:11.036-04:00 DEBUG 70735 --- [fullstack3] [           main] org.hibernate.type.BasicTypeRegistry     : Adding type registration java.lang.Object -> org.hibernate.type.JavaObjectType@74431b9c
2026-04-13T22:04:11.037-04:00 DEBUG 70735 --- [fullstack3] [           main] org.hibernate.type.BasicTypeRegistry     : Adding type registration null -> org.hibernate.type.NullType@72224107
2026-04-13T22:04:11.038-04:00 DEBUG 70735 --- [fullstack3] [           main] org.hibernate.type.BasicTypeRegistry     : Adding type registration imm_date -> org.hibernate.type.BasicTypeReference@394fb736
2026-04-13T22:04:11.038-04:00 DEBUG 70735 --- [fullstack3] [           main] org.hibernate.type.BasicTypeRegistry     : Adding type registration imm_time -> org.hibernate.type.BasicTypeReference@3070f3e6
2026-04-13T22:04:11.038-04:00 DEBUG 70735 --- [fullstack3] [           main] org.hibernate.type.BasicTypeRegistry     : Adding type registration imm_timestamp -> org.hibernate.type.BasicTypeReference@3271ec2a
2026-04-13T22:04:11.038-04:00 DEBUG 70735 --- [fullstack3] [           main] org.hibernate.type.BasicTypeRegistry     : Adding type registration imm_calendar -> org.hibernate.type.BasicTypeReference@52bba91a
2026-04-13T22:04:11.038-04:00 DEBUG 70735 --- [fullstack3] [           main] org.hibernate.type.BasicTypeRegistry     : Adding type registration imm_calendar_date -> org.hibernate.type.BasicTypeReference@1689527c
2026-04-13T22:04:11.038-04:00 DEBUG 70735 --- [fullstack3] [           main] org.hibernate.type.BasicTypeRegistry     : Adding type registration imm_calendar_time -> org.hibernate.type.BasicTypeReference@21516c88
2026-04-13T22:04:11.038-04:00 DEBUG 70735 --- [fullstack3] [           main] org.hibernate.type.BasicTypeRegistry     : Adding type registration imm_binary -> org.hibernate.type.BasicTypeReference@1c7cd434
2026-04-13T22:04:11.039-04:00 DEBUG 70735 --- [fullstack3] [           main] org.hibernate.type.BasicTypeRegistry     : Adding type registration imm_serializable -> org.hibernate.type.BasicTypeReference@13004dd8
2026-04-13T22:04:11.043-04:00 DEBUG 70735 --- [fullstack3] [           main] o.h.boot.internal.BootstrapContextImpl   : Injecting JPA temp ClassLoader [org.springframework.instrument.classloading.SimpleThrowawayClassLoader@5170bc02] into BootstrapContext; was [null]
2026-04-13T22:04:11.044-04:00 DEBUG 70735 --- [fullstack3] [           main] o.h.boot.internal.ClassLoaderAccessImpl  : ClassLoaderAccessImpl#injectTempClassLoader(org.springframework.instrument.classloading.SimpleThrowawayClassLoader@5170bc02) [was null]
2026-04-13T22:04:11.044-04:00 DEBUG 70735 --- [fullstack3] [           main] o.h.boot.internal.BootstrapContextImpl   : Injecting ScanEnvironment [org.hibernate.jpa.boot.internal.StandardJpaScanEnvironmentImpl@28e94c2] into BootstrapContext; was [null]
2026-04-13T22:04:11.044-04:00 DEBUG 70735 --- [fullstack3] [           main] o.h.boot.internal.BootstrapContextImpl   : Injecting ScanOptions [org.hibernate.boot.archive.scan.internal.StandardScanOptions@3d40498a] into BootstrapContext; was [org.hibernate.boot.archive.scan.internal.StandardScanOptions@14d1737a]
2026-04-13T22:04:11.061-04:00 DEBUG 70735 --- [fullstack3] [           main] o.h.j.b.i.PersistenceUnitInfoDescriptor  : Pushing class transformers for PU named 'default' on loading classloader jdk.internal.loader.ClassLoaders$AppClassLoader@42110406
2026-04-13T22:04:11.218-04:00  INFO 70735 --- [fullstack3] [           main] o.s.o.j.p.SpringPersistenceUnitInfo      : No LoadTimeWeaver setup: ignoring JPA class transformer
2026-04-13T22:04:11.218-04:00 DEBUG 70735 --- [fullstack3] [           main] o.h.boot.internal.BootstrapContextImpl   : Injecting JPA temp ClassLoader [null] into BootstrapContext; was [org.springframework.instrument.classloading.SimpleThrowawayClassLoader@5170bc02]
2026-04-13T22:04:11.218-04:00 DEBUG 70735 --- [fullstack3] [           main] o.h.boot.internal.ClassLoaderAccessImpl  : ClassLoaderAccessImpl#injectTempClassLoader(null) [was org.springframework.instrument.classloading.SimpleThrowawayClassLoader@5170bc02]
2026-04-13T22:04:11.240-04:00  INFO 70735 --- [fullstack3] [           main] com.zaxxer.hikari.HikariDataSource       : HikariPool-1 - Starting...
2026-04-13T22:04:12.089-04:00  INFO 70735 --- [fullstack3] [           main] com.zaxxer.hikari.pool.HikariPool        : HikariPool-1 - Added connection oracle.jdbc.driver.T4CConnection@4e2824b1
2026-04-13T22:04:12.090-04:00  INFO 70735 --- [fullstack3] [           main] com.zaxxer.hikari.HikariDataSource       : HikariPool-1 - Start completed.
2026-04-13T22:04:12.100-04:00 DEBUG 70735 --- [fullstack3] [           main] o.h.e.j.e.i.JdbcEnvironmentInitiator     : Database ->
	   name : Oracle
	version : Oracle Database 19c Enterprise Edition Release 19.0.0.0.0 - Production
Version 19.31.0.1.0
	  major : 19
	  minor : 31
2026-04-13T22:04:12.100-04:00 DEBUG 70735 --- [fullstack3] [           main] o.h.e.j.e.i.JdbcEnvironmentInitiator     : Driver ->
	   name : Oracle JDBC driver
	version : 23.7.0.25.01
	  major : 23
	  minor : 7
2026-04-13T22:04:12.100-04:00 DEBUG 70735 --- [fullstack3] [           main] o.h.e.j.e.i.JdbcEnvironmentInitiator     : JDBC version : 4.3
2026-04-13T22:04:12.243-04:00  WARN 70735 --- [fullstack3] [           main] org.hibernate.orm.deprecation            : HHH90000025: OracleDialect does not need to be specified explicitly using 'hibernate.dialect' (remove the property setting and it will be selected by default)
2026-04-13T22:04:12.243-04:00 DEBUG 70735 --- [fullstack3] [           main] org.hibernate.orm.dialect                : HHH035001: Using dialect: org.hibernate.dialect.OracleDialect, version: 19.31
2026-04-13T22:04:12.299-04:00  INFO 70735 --- [fullstack3] [           main] org.hibernate.orm.connections.pooling    : HHH10001005: Database info:
	Database JDBC URL [Connecting through datasource 'HikariDataSource (HikariPool-1)']
	Database driver: undefined/unknown
	Database version: 19.31
	Autocommit mode: undefined/unknown
	Isolation level: undefined/unknown
	Minimum pool size: undefined/unknown
	Maximum pool size: undefined/unknown
2026-04-13T22:04:12.304-04:00 DEBUG 70735 --- [fullstack3] [           main] o.h.t.d.jdbc.spi.JdbcTypeRegistry        : addDescriptor(NCharTypeDescriptor) replaced previous registration(CharTypeDescriptor)
2026-04-13T22:04:12.305-04:00 DEBUG 70735 --- [fullstack3] [           main] o.h.t.d.jdbc.spi.JdbcTypeRegistry        : addDescriptor(NVarcharTypeDescriptor) replaced previous registration(VarcharTypeDescriptor)
2026-04-13T22:04:12.305-04:00 DEBUG 70735 --- [fullstack3] [           main] o.h.t.d.jdbc.spi.JdbcTypeRegistry        : addDescriptor(LongNVarcharTypeDescriptor) replaced previous registration(LongVarcharTypeDescriptor)
2026-04-13T22:04:12.306-04:00 DEBUG 70735 --- [fullstack3] [           main] o.h.t.d.jdbc.spi.JdbcTypeRegistry        : addDescriptor(NClobTypeDescriptor(DEFAULT)) replaced previous registration(ClobTypeDescriptor(DEFAULT))
2026-04-13T22:04:12.307-04:00 DEBUG 70735 --- [fullstack3] [           main] o.h.t.d.jdbc.spi.JdbcTypeRegistry        : addDescriptor(BooleanTypeDescriptor) replaced previous registration(BooleanTypeDescriptor)
2026-04-13T22:04:12.312-04:00 DEBUG 70735 --- [fullstack3] [           main] org.hibernate.type.BasicTypeRegistry     : Adding type registration null -> org.hibernate.type.NullType@2b561f51
2026-04-13T22:04:12.312-04:00 DEBUG 70735 --- [fullstack3] [           main] org.hibernate.type.BasicTypeRegistry     : Type registration key [null] overrode previous entry : `org.hibernate.type.NullType@72224107`
2026-04-13T22:04:12.313-04:00 DEBUG 70735 --- [fullstack3] [           main] org.hibernate.type.BasicTypeRegistry     : Adding type registration JAVA_OBJECT -> org.hibernate.type.JavaObjectType@4a1934e2
2026-04-13T22:04:12.313-04:00 DEBUG 70735 --- [fullstack3] [           main] org.hibernate.type.BasicTypeRegistry     : Adding type registration java.lang.Object -> org.hibernate.type.JavaObjectType@4a1934e2
2026-04-13T22:04:12.313-04:00 DEBUG 70735 --- [fullstack3] [           main] org.hibernate.type.BasicTypeRegistry     : Type registration key [java.lang.Object] overrode previous entry : `org.hibernate.type.JavaObjectType@74431b9c`
2026-04-13T22:04:12.315-04:00 DEBUG 70735 --- [fullstack3] [           main] org.hibernate.type.BasicTypeRegistry     : Adding type registration org.hibernate.type.DurationType -> basicType@1(java.time.Duration,3015)
2026-04-13T22:04:12.315-04:00 DEBUG 70735 --- [fullstack3] [           main] org.hibernate.type.BasicTypeRegistry     : Adding type registration Duration -> basicType@1(java.time.Duration,3015)
2026-04-13T22:04:12.315-04:00 DEBUG 70735 --- [fullstack3] [           main] org.hibernate.type.BasicTypeRegistry     : Adding type registration java.time.Duration -> basicType@1(java.time.Duration,3015)
2026-04-13T22:04:12.317-04:00 DEBUG 70735 --- [fullstack3] [           main] o.h.type.spi.TypeConfiguration$Scope     : Scoping TypeConfiguration [org.hibernate.type.spi.TypeConfiguration@6cd6698b] to MetadataBuildingContext [org.hibernate.boot.internal.MetadataBuildingContextRootImpl@5ac7550a]
2026-04-13T22:04:12.347-04:00 DEBUG 70735 --- [fullstack3] [           main] o.h.boot.model.relational.Namespace      : Created database namespace [logicalName=Name{catalog=null, schema=null}, physicalName=Name{catalog=null, schema=null}]
2026-04-13T22:04:12.365-04:00 DEBUG 70735 --- [fullstack3] [           main] o.h.boot.model.internal.EntityBinder     : Binding entity from annotated class: com.fullstack3.fullstack3.model.Usuario
2026-04-13T22:04:12.369-04:00 DEBUG 70735 --- [fullstack3] [           main] o.h.boot.model.internal.EntityBinder     : Import with entity name Usuario
2026-04-13T22:04:12.373-04:00 DEBUG 70735 --- [fullstack3] [           main] o.h.boot.model.internal.EntityBinder     : Bind entity com.fullstack3.fullstack3.model.Usuario on table usuarios
2026-04-13T22:04:12.384-04:00 DEBUG 70735 --- [fullstack3] [           main] o.h.boot.model.internal.AnnotatedColumn  : Binding column: AnnotatedDiscriminatorColumn(column='DTYPE')
2026-04-13T22:04:12.402-04:00 DEBUG 70735 --- [fullstack3] [           main] o.h.boot.model.internal.AnnotatedColumn  : Binding column: AnnotatedColumn()
2026-04-13T22:04:12.403-04:00 DEBUG 70735 --- [fullstack3] [           main] o.h.boot.internal.ClassLoaderAccessImpl  : Not known whether passed class name [com.fullstack3.fullstack3.model.Usuario] is safe
2026-04-13T22:04:12.403-04:00 DEBUG 70735 --- [fullstack3] [           main] o.h.boot.internal.ClassLoaderAccessImpl  : No temp ClassLoader provided; using live ClassLoader for loading potentially unsafe class : com.fullstack3.fullstack3.model.Usuario
2026-04-13T22:04:12.407-04:00 DEBUG 70735 --- [fullstack3] [           main] o.h.boot.model.internal.PropertyBinder   : MetadataSourceProcessor property id with lazy=false
2026-04-13T22:04:12.410-04:00 DEBUG 70735 --- [fullstack3] [           main] o.h.b.m.internal.AbstractPropertyHolder  : Attempting to locate auto-apply AttributeConverter for property [com.fullstack3.fullstack3.model.Usuario:id]
2026-04-13T22:04:12.412-04:00 DEBUG 70735 --- [fullstack3] [           main] o.h.b.model.internal.BasicValueBinder    : building BasicValue for id
2026-04-13T22:04:12.414-04:00 DEBUG 70735 --- [fullstack3] [           main] org.hibernate.mapping.BasicValue         : Skipping column re-registration: usuarios.id
2026-04-13T22:04:12.414-04:00 DEBUG 70735 --- [fullstack3] [           main] o.h.boot.model.internal.PropertyBinder   : Building property id
2026-04-13T22:04:12.416-04:00 DEBUG 70735 --- [fullstack3] [           main] o.h.boot.model.internal.BinderHelper     : #makeIdGenerator(BasicValue([Column(id)]), id, identity, , ...)
2026-04-13T22:04:12.418-04:00 DEBUG 70735 --- [fullstack3] [           main] o.h.boot.model.internal.AnnotatedColumn  : Binding column: AnnotatedColumn(column='AMATERNO')
2026-04-13T22:04:12.418-04:00 DEBUG 70735 --- [fullstack3] [           main] o.h.boot.model.internal.PropertyBinder   : MetadataSourceProcessor property amaterno with lazy=false
2026-04-13T22:04:12.418-04:00 DEBUG 70735 --- [fullstack3] [           main] o.h.b.m.internal.AbstractPropertyHolder  : Attempting to locate auto-apply AttributeConverter for property [com.fullstack3.fullstack3.model.Usuario:amaterno]
2026-04-13T22:04:12.418-04:00 DEBUG 70735 --- [fullstack3] [           main] o.h.b.model.internal.BasicValueBinder    : building BasicValue for amaterno
2026-04-13T22:04:12.418-04:00 DEBUG 70735 --- [fullstack3] [           main] org.hibernate.mapping.BasicValue         : Skipping column re-registration: usuarios.amaterno
2026-04-13T22:04:12.418-04:00 DEBUG 70735 --- [fullstack3] [           main] o.h.boot.model.internal.PropertyBinder   : Building property amaterno
2026-04-13T22:04:12.418-04:00 DEBUG 70735 --- [fullstack3] [           main] o.h.boot.model.internal.AnnotatedColumn  : Binding column: AnnotatedColumn(column='APATERNO')
2026-04-13T22:04:12.418-04:00 DEBUG 70735 --- [fullstack3] [           main] o.h.boot.model.internal.PropertyBinder   : MetadataSourceProcessor property apaterno with lazy=false
2026-04-13T22:04:12.418-04:00 DEBUG 70735 --- [fullstack3] [           main] o.h.b.m.internal.AbstractPropertyHolder  : Attempting to locate auto-apply AttributeConverter for property [com.fullstack3.fullstack3.model.Usuario:apaterno]
2026-04-13T22:04:12.418-04:00 DEBUG 70735 --- [fullstack3] [           main] o.h.b.model.internal.BasicValueBinder    : building BasicValue for apaterno
2026-04-13T22:04:12.419-04:00 DEBUG 70735 --- [fullstack3] [           main] org.hibernate.mapping.BasicValue         : Skipping column re-registration: usuarios.apaterno
2026-04-13T22:04:12.419-04:00 DEBUG 70735 --- [fullstack3] [           main] o.h.boot.model.internal.PropertyBinder   : Building property apaterno
2026-04-13T22:04:12.420-04:00 DEBUG 70735 --- [fullstack3] [           main] o.h.boot.model.internal.AnnotatedColumn  : Binding column: AnnotatedColumn(column='CORREO')
2026-04-13T22:04:12.420-04:00 DEBUG 70735 --- [fullstack3] [           main] o.h.boot.model.internal.PropertyBinder   : MetadataSourceProcessor property correo with lazy=false
2026-04-13T22:04:12.420-04:00 DEBUG 70735 --- [fullstack3] [           main] o.h.b.m.internal.AbstractPropertyHolder  : Attempting to locate auto-apply AttributeConverter for property [com.fullstack3.fullstack3.model.Usuario:correo]
2026-04-13T22:04:12.420-04:00 DEBUG 70735 --- [fullstack3] [           main] o.h.b.model.internal.BasicValueBinder    : building BasicValue for correo
2026-04-13T22:04:12.420-04:00 DEBUG 70735 --- [fullstack3] [           main] org.hibernate.mapping.BasicValue         : Skipping column re-registration: usuarios.correo
2026-04-13T22:04:12.420-04:00 DEBUG 70735 --- [fullstack3] [           main] o.h.boot.model.internal.PropertyBinder   : Building property correo
2026-04-13T22:04:12.421-04:00 DEBUG 70735 --- [fullstack3] [           main] o.h.boot.model.internal.AnnotatedColumn  : Binding column: AnnotatedColumn(column='NOMBRE')
2026-04-13T22:04:12.421-04:00 DEBUG 70735 --- [fullstack3] [           main] o.h.boot.model.internal.PropertyBinder   : MetadataSourceProcessor property nombre with lazy=false
2026-04-13T22:04:12.421-04:00 DEBUG 70735 --- [fullstack3] [           main] o.h.b.m.internal.AbstractPropertyHolder  : Attempting to locate auto-apply AttributeConverter for property [com.fullstack3.fullstack3.model.Usuario:nombre]
2026-04-13T22:04:12.421-04:00 DEBUG 70735 --- [fullstack3] [           main] o.h.b.model.internal.BasicValueBinder    : building BasicValue for nombre
2026-04-13T22:04:12.421-04:00 DEBUG 70735 --- [fullstack3] [           main] org.hibernate.mapping.BasicValue         : Skipping column re-registration: usuarios.nombre
2026-04-13T22:04:12.421-04:00 DEBUG 70735 --- [fullstack3] [           main] o.h.boot.model.internal.PropertyBinder   : Building property nombre
2026-04-13T22:04:12.421-04:00 DEBUG 70735 --- [fullstack3] [           main] o.h.boot.model.internal.AnnotatedColumn  : Binding column: AnnotatedColumn(column='PASSWORD')
2026-04-13T22:04:12.421-04:00 DEBUG 70735 --- [fullstack3] [           main] o.h.boot.model.internal.PropertyBinder   : MetadataSourceProcessor property password with lazy=false
2026-04-13T22:04:12.421-04:00 DEBUG 70735 --- [fullstack3] [           main] o.h.b.m.internal.AbstractPropertyHolder  : Attempting to locate auto-apply AttributeConverter for property [com.fullstack3.fullstack3.model.Usuario:password]
2026-04-13T22:04:12.421-04:00 DEBUG 70735 --- [fullstack3] [           main] o.h.b.model.internal.BasicValueBinder    : building BasicValue for password
2026-04-13T22:04:12.421-04:00 DEBUG 70735 --- [fullstack3] [           main] org.hibernate.mapping.BasicValue         : Skipping column re-registration: usuarios.password
2026-04-13T22:04:12.421-04:00 DEBUG 70735 --- [fullstack3] [           main] o.h.boot.model.internal.PropertyBinder   : Building property password
2026-04-13T22:04:12.421-04:00 DEBUG 70735 --- [fullstack3] [           main] o.h.boot.model.internal.AnnotatedColumn  : Binding column: AnnotatedColumn(column='ROL')
2026-04-13T22:04:12.421-04:00 DEBUG 70735 --- [fullstack3] [           main] o.h.boot.model.internal.PropertyBinder   : MetadataSourceProcessor property rol with lazy=false
2026-04-13T22:04:12.422-04:00 DEBUG 70735 --- [fullstack3] [           main] o.h.b.m.internal.AbstractPropertyHolder  : Attempting to locate auto-apply AttributeConverter for property [com.fullstack3.fullstack3.model.Usuario:rol]
2026-04-13T22:04:12.422-04:00 DEBUG 70735 --- [fullstack3] [           main] o.h.b.model.internal.BasicValueBinder    : building BasicValue for rol
2026-04-13T22:04:12.422-04:00 DEBUG 70735 --- [fullstack3] [           main] org.hibernate.mapping.BasicValue         : Skipping column re-registration: usuarios.rol
2026-04-13T22:04:12.422-04:00 DEBUG 70735 --- [fullstack3] [           main] o.h.boot.model.internal.PropertyBinder   : Building property rol
2026-04-13T22:04:12.422-04:00 DEBUG 70735 --- [fullstack3] [           main] o.h.b.r.c.i.ClassLoaderServiceImpl       : HHH000194: Package not found or no package-info.java: com.fullstack3.fullstack3.model
2026-04-13T22:04:12.425-04:00 DEBUG 70735 --- [fullstack3] [           main] o.h.b.model.internal.BasicValueBinder    : Starting `BasicValueBinder#fillSimpleValue` for id
2026-04-13T22:04:12.427-04:00 DEBUG 70735 --- [fullstack3] [           main] o.h.b.model.internal.BasicValueBinder    : Starting `BasicValueBinder#fillSimpleValue` for amaterno
2026-04-13T22:04:12.427-04:00 DEBUG 70735 --- [fullstack3] [           main] o.h.b.model.internal.BasicValueBinder    : Starting `BasicValueBinder#fillSimpleValue` for apaterno
2026-04-13T22:04:12.427-04:00 DEBUG 70735 --- [fullstack3] [           main] o.h.b.model.internal.BasicValueBinder    : Starting `BasicValueBinder#fillSimpleValue` for correo
2026-04-13T22:04:12.427-04:00 DEBUG 70735 --- [fullstack3] [           main] o.h.b.model.internal.BasicValueBinder    : Starting `BasicValueBinder#fillSimpleValue` for nombre
2026-04-13T22:04:12.427-04:00 DEBUG 70735 --- [fullstack3] [           main] o.h.b.model.internal.BasicValueBinder    : Starting `BasicValueBinder#fillSimpleValue` for password
2026-04-13T22:04:12.427-04:00 DEBUG 70735 --- [fullstack3] [           main] o.h.b.model.internal.BasicValueBinder    : Starting `BasicValueBinder#fillSimpleValue` for rol
2026-04-13T22:04:12.430-04:00 DEBUG 70735 --- [fullstack3] [           main] org.hibernate.mapping.PrimaryKey         : Forcing column [id] to be non-null as it is part of the primary key for table [usuarios]
2026-04-13T22:04:12.489-04:00 DEBUG 70735 --- [fullstack3] [           main] o.hibernate.internal.SessionFactoryImpl  : Building session factory
2026-04-13T22:04:12.522-04:00 DEBUG 70735 --- [fullstack3] [           main] .h.s.i.SessionFactoryServiceRegistryImpl : EventListenerRegistry access via ServiceRegistry is deprecated.  Use `sessionFactory.getEventEngine().getListenerRegistry()` instead
[...]
   RepositoryRestMvcAutoConfiguration:
      Did not match:
         - @ConditionalOnClass did not find required class 'org.springframework.data.rest.webmvc.config.RepositoryRestMvcConfiguration' (OnClassCondition)

   Saml2RelyingPartyAutoConfiguration:
      Did not match:
         - @ConditionalOnClass did not find required class 'org.springframework.security.saml2.provider.service.registration.RelyingPartyRegistrationRepository' (OnClassCondition)

   SbomEndpointAutoConfiguration:
      Did not match:
         - @ConditionalOnAvailableEndpoint not exposed (OnAvailableEndpointCondition)

   ScheduledTasksEndpointAutoConfiguration:
      Did not match:
         - @ConditionalOnAvailableEndpoint not exposed (OnAvailableEndpointCondition)

   SecurityAutoConfiguration:
      Did not match:
         - @ConditionalOnClass did not find required class 'org.springframework.security.authentication.DefaultAuthenticationEventPublisher' (OnClassCondition)

   SecurityFilterAutoConfiguration:
      Did not match:
         - @ConditionalOnClass did not find required class 'org.springframework.security.config.http.SessionCreationPolicy' (OnClassCondition)

   SecurityRequestMatchersManagementContextConfiguration:
      Did not match:
         - @ConditionalOnClass did not find required class 'org.springframework.security.web.util.matcher.RequestMatcher' (OnClassCondition)

   SendGridAutoConfiguration:
      Did not match:
         - @ConditionalOnClass did not find required class 'com.sendgrid.SendGrid' (OnClassCondition)

   ServletEndpointManagementContextConfiguration.JerseyServletEndpointManagementContextConfiguration:
      Did not match:
         - @ConditionalOnClass did not find required class 'org.glassfish.jersey.server.ResourceConfig' (OnClassCondition)

   ServletManagementContextAutoConfiguration.ApplicationContextFilterConfiguration:
      Did not match:
         - @ConditionalOnBooleanProperty (management.server.add-application-context-header=true) did not find property 'management.server.add-application-context-header' (OnPropertyCondition)

   ServletWebServerFactoryAutoConfiguration.ForwardedHeaderFilterConfiguration:
      Did not match:
         - @ConditionalOnProperty (server.forward-headers-strategy=framework) did not find property 'server.forward-headers-strategy' (OnPropertyCondition)

   ServletWebServerFactoryConfiguration.EmbeddedJetty:
      Did not match:
         - @ConditionalOnClass did not find required classes 'org.eclipse.jetty.server.Server', 'org.eclipse.jetty.util.Loader', 'org.eclipse.jetty.ee10.webapp.WebAppContext' (OnClassCondition)

   ServletWebServerFactoryConfiguration.EmbeddedUndertow:
      Did not match:
         - @ConditionalOnClass did not find required classes 'io.undertow.Undertow', 'org.xnio.SslClientAuthMode' (OnClassCondition)

   SessionAutoConfiguration:
      Did not match:
         - @ConditionalOnClass did not find required class 'org.springframework.session.Session' (OnClassCondition)

   SessionsEndpointAutoConfiguration:
      Did not match:
         - @ConditionalOnClass did not find required class 'org.springframework.session.Session' (OnClassCondition)

   ShutdownEndpointAutoConfiguration:
      Did not match:
         - @ConditionalOnAvailableEndpoint the configured access for endpoint 'shutdown' is NONE (OnAvailableEndpointCondition)

   SignalFxMetricsExportAutoConfiguration:
      Did not match:
         - @ConditionalOnClass did not find required class 'io.micrometer.signalfx.SignalFxMeterRegistry' (OnClassCondition)

   SpringApplicationAdminJmxAutoConfiguration:
      Did not match:
         - @ConditionalOnBooleanProperty (spring.application.admin.enabled=true) did not find property 'spring.application.admin.enabled' (OnPropertyCondition)

   SslObservabilityAutoConfiguration#sslInfoProvider:
      Did not match:
         - @ConditionalOnMissingBean (types: org.springframework.boot.info.SslInfo; SearchStrategy: all) found beans of type 'org.springframework.boot.info.SslInfo' sslInfo (OnBeanCondition)

   StackdriverMetricsExportAutoConfiguration:
      Did not match:
         - @ConditionalOnClass did not find required class 'io.micrometer.stackdriver.StackdriverMeterRegistry' (OnClassCondition)

   StartupEndpointAutoConfiguration:
      Did not match:
         - ApplicationStartup configured applicationStartup is of type class org.springframework.core.metrics.DefaultApplicationStartup, expected BufferingApplicationStartup. (StartupEndpointAutoConfiguration.ApplicationStartupCondition)

   StatsdMetricsExportAutoConfiguration:
      Did not match:
         - @ConditionalOnClass did not find required class 'io.micrometer.statsd.StatsdMeterRegistry' (OnClassCondition)

   TaskExecutorConfigurations.SimpleAsyncTaskExecutorBuilderConfiguration#simpleAsyncTaskExecutorBuilderVirtualThreads:
      Did not match:
         - @ConditionalOnMissingBean (types: org.springframework.boot.task.SimpleAsyncTaskExecutorBuilder; SearchStrategy: all) found beans of type 'org.springframework.boot.task.SimpleAsyncTaskExecutorBuilder' simpleAsyncTaskExecutorBuilder (OnBeanCondition)

   TaskExecutorConfigurations.TaskExecutorConfiguration#applicationTaskExecutorVirtualThreads:
      Did not match:
         - @ConditionalOnThreading did not find VIRTUAL (OnThreadingCondition)

   TaskSchedulingAutoConfiguration#scheduledBeanLazyInitializationExcludeFilter:
      Did not match:
         - @ConditionalOnBean (names: org.springframework.context.annotation.internalScheduledAnnotationProcessor; SearchStrategy: all) did not find any beans named org.springframework.context.annotation.internalScheduledAnnotationProcessor (OnBeanCondition)

   TaskSchedulingConfigurations.SimpleAsyncTaskSchedulerBuilderConfiguration#simpleAsyncTaskSchedulerBuilderVirtualThreads:
      Did not match:
         - @ConditionalOnMissingBean (types: org.springframework.boot.task.SimpleAsyncTaskSchedulerBuilder; SearchStrategy: all) found beans of type 'org.springframework.boot.task.SimpleAsyncTaskSchedulerBuilder' simpleAsyncTaskSchedulerBuilder (OnBeanCondition)

   TaskSchedulingConfigurations.TaskSchedulerConfiguration:
      Did not match:
         - @ConditionalOnBean (names: org.springframework.context.annotation.internalScheduledAnnotationProcessor; SearchStrategy: all) did not find any beans named org.springframework.context.annotation.internalScheduledAnnotationProcessor (OnBeanCondition)

   ThreadDumpEndpointAutoConfiguration:
      Did not match:
         - @ConditionalOnAvailableEndpoint not exposed (OnAvailableEndpointCondition)

   ThymeleafAutoConfiguration:
      Did not match:
         - @ConditionalOnClass did not find required class 'org.thymeleaf.spring6.SpringTemplateEngine' (OnClassCondition)

   TransactionAutoConfiguration#transactionalOperator:
      Did not match:
         - @ConditionalOnSingleCandidate (types: org.springframework.transaction.ReactiveTransactionManager; SearchStrategy: all) did not find any beans (OnBeanCondition)

   TransactionAutoConfiguration.AspectJTransactionManagementConfiguration:
      Did not match:
         - @ConditionalOnBean (types: org.springframework.transaction.aspectj.AbstractTransactionAspect; SearchStrategy: all) did not find any beans of type org.springframework.transaction.aspectj.AbstractTransactionAspect (OnBeanCondition)

   TransactionAutoConfiguration.EnableTransactionManagementConfiguration.JdkDynamicAutoProxyConfiguration:
      Did not match:
         - @ConditionalOnBooleanProperty (spring.aop.proxy-target-class=false) did not find property 'spring.aop.proxy-target-class' (OnPropertyCondition)

   UserDetailsServiceAutoConfiguration:
      Did not match:
         - @ConditionalOnClass did not find required class 'org.springframework.security.authentication.AuthenticationManager' (OnClassCondition)

   WavefrontAutoConfiguration:
      Did not match:
         - @ConditionalOnClass did not find required class 'com.wavefront.sdk.common.application.ApplicationTags' (OnClassCondition)

   WavefrontMetricsExportAutoConfiguration:
      Did not match:
         - @ConditionalOnClass did not find required class 'com.wavefront.sdk.common.WavefrontSender' (OnClassCondition)

   WavefrontTracingAutoConfiguration:
      Did not match:
         - @ConditionalOnClass did not find required class 'com.wavefront.sdk.common.WavefrontSender' (OnClassCondition)

   WebClientAutoConfiguration:
      Did not match:
         - @ConditionalOnClass did not find required class 'org.springframework.web.reactive.function.client.WebClient' (OnClassCondition)

   WebClientObservationConfiguration:
      Did not match:
         - @ConditionalOnClass did not find required class 'org.springframework.web.reactive.function.client.WebClient' (OnClassCondition)

   WebFluxAutoConfiguration:
      Did not match:
         - @ConditionalOnClass did not find required class 'org.springframework.web.reactive.config.WebFluxConfigurer' (OnClassCondition)

   WebFluxEndpointManagementContextConfiguration:
      Did not match:
         - @ConditionalOnClass did not find required class 'org.springframework.web.reactive.DispatcherHandler' (OnClassCondition)

   WebFluxObservationAutoConfiguration:
      Did not match:
         - @ConditionalOnWebApplication did not find reactive web application classes (OnWebApplicationCondition)

   WebMvcAutoConfiguration#hiddenHttpMethodFilter:
      Did not match:
         - @ConditionalOnBooleanProperty (spring.mvc.hiddenmethod.filter.enabled=true) did not find property 'spring.mvc.hiddenmethod.filter.enabled' (OnPropertyCondition)

   WebMvcAutoConfiguration.ProblemDetailsErrorHandlingConfiguration:
      Did not match:
         - @ConditionalOnBooleanProperty (spring.mvc.problemdetails.enabled=true) did not find property 'spring.mvc.problemdetails.enabled' (OnPropertyCondition)

   WebMvcAutoConfiguration.ResourceChainCustomizerConfiguration:
      Did not match:
         - @ConditionalOnEnabledResourceChain did not find class org.webjars.WebJarVersionLocator (OnEnabledResourceChainCondition)

   WebMvcAutoConfiguration.WebMvcAutoConfigurationAdapter#beanNameViewResolver:
      Did not match:
         - @ConditionalOnMissingBean (types: org.springframework.web.servlet.view.BeanNameViewResolver; SearchStrategy: all) found beans of type 'org.springframework.web.servlet.view.BeanNameViewResolver' beanNameViewResolver (OnBeanCondition)

   WebMvcEndpointManagementContextConfiguration#managementHealthEndpointWebMvcHandlerMapping:
      Did not match:
         - Management Port actual port type (SAME) did not match required type (DIFFERENT) (OnManagementPortCondition)

   WebServiceTemplateAutoConfiguration:
      Did not match:
         - @ConditionalOnClass did not find required class 'org.springframework.oxm.Marshaller' (OnClassCondition)

   WebServicesAutoConfiguration:
      Did not match:
         - @ConditionalOnClass did not find required class 'org.springframework.ws.transport.http.MessageDispatcherServlet' (OnClassCondition)

   WebSessionIdResolverAutoConfiguration:
      Did not match:
         - @ConditionalOnClass did not find required class 'reactor.core.publisher.Mono' (OnClassCondition)

   WebSocketMessagingAutoConfiguration:
      Did not match:
         - @ConditionalOnClass did not find required class 'org.springframework.web.socket.config.annotation.WebSocketMessageBrokerConfigurer' (OnClassCondition)

   WebSocketReactiveAutoConfiguration:
      Did not match:
         - @ConditionalOnWebApplication did not find reactive web application classes (OnWebApplicationCondition)

   WebSocketServletAutoConfiguration.JettyWebSocketConfiguration:
      Did not match:
         - @ConditionalOnClass did not find required class 'org.eclipse.jetty.ee10.websocket.jakarta.server.config.JakartaWebSocketServletContainerInitializer' (OnClassCondition)

   WebSocketServletAutoConfiguration.UndertowWebSocketConfiguration:
      Did not match:
         - @ConditionalOnClass did not find required class 'io.undertow.websockets.jsr.Bootstrap' (OnClassCondition)

   XADataSourceAutoConfiguration:
      Did not match:
         - @ConditionalOnBean (types: org.springframework.boot.jdbc.XADataSourceWrapper; SearchStrategy: all) did not find any beans of type org.springframework.boot.jdbc.XADataSourceWrapper (OnBeanCondition)
      Matched:
         - @ConditionalOnClass found required classes 'javax.sql.DataSource', 'jakarta.transaction.TransactionManager', 'org.springframework.jdbc.datasource.embedded.EmbeddedDatabaseType' (OnClassCondition)

   ZipkinAutoConfiguration:
      Did not match:
         - @ConditionalOnClass did not find required class 'zipkin2.reporter.Encoding' (OnClassCondition)


Exclusions:
-----------

    None


Unconditional classes:
----------------------

    org.springframework.boot.autoconfigure.context.ConfigurationPropertiesAutoConfiguration

    org.springframework.boot.actuate.autoconfigure.availability.AvailabilityHealthContributorAutoConfiguration

    org.springframework.boot.autoconfigure.ssl.SslAutoConfiguration

    org.springframework.boot.actuate.autoconfigure.info.InfoContributorAutoConfiguration

    org.springframework.boot.autoconfigure.context.PropertyPlaceholderAutoConfiguration

    org.springframework.boot.autoconfigure.context.LifecycleAutoConfiguration

    org.springframework.boot.actuate.autoconfigure.metrics.integration.IntegrationMetricsAutoConfiguration

    org.springframework.boot.actuate.autoconfigure.endpoint.EndpointAutoConfiguration

    org.springframework.boot.actuate.autoconfigure.web.server.ManagementContextAutoConfiguration

    org.springframework.boot.actuate.autoconfigure.health.HealthContributorAutoConfiguration

    org.springframework.boot.autoconfigure.availability.ApplicationAvailabilityAutoConfiguration

    org.springframework.boot.autoconfigure.info.ProjectInfoAutoConfiguration



2026-04-13T22:04:15.577-04:00  INFO 70735 --- [fullstack3] [           main] c.f.f.Fullstack3ApplicationTests         : Started Fullstack3ApplicationTests in 6.276 seconds (process running for 7.206)
2026-04-13T22:04:15.581-04:00 DEBUG 70735 --- [fullstack3] [           main] o.s.b.a.ApplicationAvailabilityBean      : Application availability state LivenessState changed to CORRECT
2026-04-13T22:04:15.583-04:00 DEBUG 70735 --- [fullstack3] [           main] o.s.b.a.ApplicationAvailabilityBean      : Application availability state ReadinessState changed to ACCEPTING_TRAFFIC
2026-04-13T22:04:15.586-04:00 DEBUG 70735 --- [fullstack3] [           main] org.springframework.test.context.cache   : Spring test ApplicationContext cache statistics: [DefaultContextCache@b31cd6b size = 1, maxSize = 32, parentContextCount = 0, hitCount = 0, missCount = 1, failureCount = 0]
2026-04-13T22:04:15.586-04:00 DEBUG 70735 --- [fullstack3] [           main] o.s.t.c.w.ServletTestExecutionListener   : Setting up MockHttpServletRequest, MockHttpServletResponse, ServletWebRequest, and RequestContextHolder for test class com.fullstack3.fullstack3.Fullstack3ApplicationTests
2026-04-13T22:04:15.598-04:00 DEBUG 70735 --- [fullstack3] [           main] DependencyInjectionTestExecutionListener : Performing dependency injection for test class com.fullstack3.fullstack3.Fullstack3ApplicationTests
2026-04-13T22:04:15.598-04:00 DEBUG 70735 --- [fullstack3] [           main] org.springframework.test.context.cache   : Spring test ApplicationContext cache statistics: [DefaultContextCache@b31cd6b size = 1, maxSize = 32, parentContextCount = 0, hitCount = 1, missCount = 1, failureCount = 0]
2026-04-13T22:04:15.599-04:00 DEBUG 70735 --- [fullstack3] [           main] org.springframework.test.context.cache   : Spring test ApplicationContext cache statistics: [DefaultContextCache@b31cd6b size = 1, maxSize = 32, parentContextCount = 0, hitCount = 2, missCount = 1, failureCount = 0]
2026-04-13T22:04:15.609-04:00 DEBUG 70735 --- [fullstack3] [           main] sContextBeforeModesTestExecutionListener : Before test method: class [Fullstack3ApplicationTests], method [contextLoads], class annotated with @DirtiesContext [false] with mode [null], method annotated with @DirtiesContext [false] with mode [null]
2026-04-13T22:04:15.611-04:00 DEBUG 70735 --- [fullstack3] [           main] org.springframework.test.context.cache   : Spring test ApplicationContext cache statistics: [DefaultContextCache@b31cd6b size = 1, maxSize = 32, parentContextCount = 0, hitCount = 3, missCount = 1, failureCount = 0]
2026-04-13T22:04:15.611-04:00 DEBUG 70735 --- [fullstack3] [           main] org.springframework.test.context.cache   : Spring test ApplicationContext cache statistics: [DefaultContextCache@b31cd6b size = 1, maxSize = 32, parentContextCount = 0, hitCount = 4, missCount = 1, failureCount = 0]
2026-04-13T22:04:15.990-04:00 DEBUG 70735 --- [fullstack3] [           main] org.springframework.test.context.cache   : Spring test ApplicationContext cache statistics: [DefaultContextCache@b31cd6b size = 1, maxSize = 32, parentContextCount = 0, hitCount = 5, missCount = 1, failureCount = 0]
2026-04-13T22:04:15.994-04:00 DEBUG 70735 --- [fullstack3] [           main] org.springframework.test.context.cache   : Spring test ApplicationContext cache statistics: [DefaultContextCache@b31cd6b size = 1, maxSize = 32, parentContextCount = 0, hitCount = 6, missCount = 1, failureCount = 0]
2026-04-13T22:04:15.998-04:00 DEBUG 70735 --- [fullstack3] [           main] org.springframework.test.context.cache   : Spring test ApplicationContext cache statistics: [DefaultContextCache@b31cd6b size = 1, maxSize = 32, parentContextCount = 0, hitCount = 7, missCount = 1, failureCount = 0]
2026-04-13T22:04:15.998-04:00 DEBUG 70735 --- [fullstack3] [           main] org.springframework.test.context.cache   : Spring test ApplicationContext cache statistics: [DefaultContextCache@b31cd6b size = 1, maxSize = 32, parentContextCount = 0, hitCount = 8, missCount = 1, failureCount = 0]
2026-04-13T22:04:15.999-04:00 DEBUG 70735 --- [fullstack3] [           main] org.springframework.test.context.cache   : Spring test ApplicationContext cache statistics: [DefaultContextCache@b31cd6b size = 1, maxSize = 32, parentContextCount = 0, hitCount = 9, missCount = 1, failureCount = 0]
2026-04-13T22:04:16.000-04:00 DEBUG 70735 --- [fullstack3] [           main] org.springframework.test.context.cache   : Spring test ApplicationContext cache statistics: [DefaultContextCache@b31cd6b size = 1, maxSize = 32, parentContextCount = 0, hitCount = 10, missCount = 1, failureCount = 0]
2026-04-13T22:04:16.000-04:00 DEBUG 70735 --- [fullstack3] [           main] org.springframework.test.context.cache   : Spring test ApplicationContext cache statistics: [DefaultContextCache@b31cd6b size = 1, maxSize = 32, parentContextCount = 0, hitCount = 11, missCount = 1, failureCount = 0]
2026-04-13T22:04:16.001-04:00 DEBUG 70735 --- [fullstack3] [           main] org.springframework.test.context.cache   : Spring test ApplicationContext cache statistics: [DefaultContextCache@b31cd6b size = 1, maxSize = 32, parentContextCount = 0, hitCount = 12, missCount = 1, failureCount = 0]
2026-04-13T22:04:16.002-04:00 DEBUG 70735 --- [fullstack3] [           main] org.springframework.test.context.cache   : Spring test ApplicationContext cache statistics: [DefaultContextCache@b31cd6b size = 1, maxSize = 32, parentContextCount = 0, hitCount = 13, missCount = 1, failureCount = 0]
2026-04-13T22:04:16.003-04:00 DEBUG 70735 --- [fullstack3] [           main] .c.s.DirtiesContextTestExecutionListener : After test method: class [Fullstack3ApplicationTests], method [contextLoads], class annotated with @DirtiesContext [false] with mode [null], method annotated with @DirtiesContext [false] with mode [null]
2026-04-13T22:04:16.003-04:00 DEBUG 70735 --- [fullstack3] [           main] o.s.t.c.w.ServletTestExecutionListener   : Resetting RequestContextHolder for test class com.fullstack3.fullstack3.Fullstack3ApplicationTests
]]></system-out>
  </testcase>
</testsuite>